Building DAG of jobs...
Using shell: /bin/bash
Provided cores: 4
Rules claiming more threads will be scaled down.
Job counts:
	count	jobs
	1	add_uns_to_h5ad
	1	define_version
	1	download_the_beginning_of_fastqs
	1	get_count_matrix
	1	kallisto
	1	prepare_loading
	1	run_analysis
	7

[Fri Mar  6 05:18:37 2020]
rule prepare_loading:
    input: sample_description.csv
    output: download_the_beginning_of_fqs.sh
    jobid: 6

[Fri Mar  6 05:18:37 2020]
Finished job 6.
1 of 7 steps (14%) done

[Fri Mar  6 05:18:37 2020]
rule download_the_beginning_of_fastqs:
    input: download_the_beginning_of_fqs.sh
    output: R1.gz
    jobid: 5
    benchmark: benchmarks/download_the_beginning_of_fqs.txt

[Fri Mar  6 05:38:38 2020]
Finished job 5.
2 of 7 steps (29%) done

[Fri Mar  6 05:38:38 2020]
rule define_version:
    input: R1.gz, sample_description.csv
    output: kallisto.sh
    jobid: 4

[Fri Mar  6 05:39:27 2020]
Finished job 4.
3 of 7 steps (43%) done

[Fri Mar  6 05:39:27 2020]
rule kallisto:
    input: kallisto.sh
    output: bus_out
    jobid: 3
    benchmark: benchmarks/kallisto.txt

[Fri Mar  6 06:39:18 2020]
Finished job 3.
4 of 7 steps (57%) done

[Fri Mar  6 06:39:18 2020]
rule get_count_matrix:
    input: bus_out
    output: counts.RData
    jobid: 2
    benchmark: benchmarks/get_count_matrix.txt

[Fri Mar  6 06:40:32 2020]
Finished job 2.
5 of 7 steps (71%) done

[Fri Mar  6 06:40:32 2020]
rule run_analysis:
    input: counts.RData
    output: SRS4824242.h5ad, SRS4824242.RData
    jobid: 1
    benchmark: benchmarks/analysis.txt

[Fri Mar  6 06:50:02 2020]
Finished job 1.
6 of 7 steps (86%) done

[Fri Mar  6 06:50:02 2020]
rule add_uns_to_h5ad:
    input: SRS4824242.h5ad
    output: SRS4824242_with_uns.h5ad
    jobid: 0

[Fri Mar  6 06:50:08 2020]
Finished job 0.
7 of 7 steps (100%) done
Complete log: /mnt/tank/scratch/mfiruleva/scn/10_fq/GSE131777/SRS4824242/.snakemake/log/2020-03-06T051836.339515.snakemake.log
