Building DAG of jobs...
Singularity image location: /mnt/tank/scratch/mfiruleva/scn/config/e78b32002e592105c700c757fbe8a8e4.simg
Using shell: /bin/bash
Provided cores: 4
Rules claiming more threads will be scaled down.
Job counts:
	count	jobs
	1	add_uns_to_h5ad
	1	all
	2	define_version
	2	fastq_dump
	1	get_count_matrix
	1	kallisto
	1	run_analysis
	9
Resources before job selection: {'_cores': 4, '_nodes': 9223372036854775807}
Ready jobs (2):
	fastq_dump
	fastq_dump
Selected jobs (2):
	fastq_dump
	fastq_dump
Resources after job selection: {'_cores': 2, '_nodes': 9223372036854775805}

[Sat Oct 31 01:13:18 2020]
rule fastq_dump:
    output: SRR12265192_sra.txt
    jobid: 7
    wildcards: accession=SRR12265192


[Sat Oct 31 01:13:18 2020]
rule fastq_dump:
    output: SRR12265193_sra.txt
    jobid: 8
    wildcards: accession=SRR12265193

Activating conda environment: /mnt/tank/scratch/mfiruleva/scn/config/7c2bd866
Activating conda environment: /mnt/tank/scratch/mfiruleva/scn/config/7c2bd866
[Sat Oct 31 01:13:27 2020]
Finished job 8.
1 of 9 steps (11%) done
[Sat Oct 31 01:13:27 2020]
Finished job 7.
2 of 9 steps (22%) done
Resources before job selection: {'_cores': 4, '_nodes': 9223372036854775807}
Ready jobs (2):
	define_version
	define_version
Selected jobs (1):
	define_version
Resources after job selection: {'_cores': 0, '_nodes': 9223372036854775806}

[Sat Oct 31 01:13:27 2020]
rule define_version:
    input: SRR12265193_sra.txt
    output: SRR12265193_1.fastq.gz, SRR12265193_2.fastq.gz, sra/SRR12265193.sra
    log: logs/fq_dump/SRR12265193_dump.log
    jobid: 6
    wildcards: accession=SRR12265193
    threads: 4

Resources before job selection: {'_cores': 0, '_nodes': 9223372036854775806}
Ready jobs (1):
	define_version
Selected jobs (0):
	
Resources after job selection: {'_cores': 0, '_nodes': 9223372036854775806}
Activating conda environment: /mnt/tank/scratch/mfiruleva/scn/config/7c2bd866
Removing temporary output file sra/SRR12265193.sra.
[Sat Oct 31 01:50:02 2020]
Finished job 6.
3 of 9 steps (33%) done
Resources before job selection: {'_cores': 4, '_nodes': 9223372036854775807}
Ready jobs (1):
	define_version
Selected jobs (1):
	define_version
Resources after job selection: {'_cores': 0, '_nodes': 9223372036854775806}

[Sat Oct 31 01:50:02 2020]
rule define_version:
    input: SRR12265192_sra.txt
    output: SRR12265192_1.fastq.gz, SRR12265192_2.fastq.gz, sra/SRR12265192.sra
    log: logs/fq_dump/SRR12265192_dump.log
    jobid: 5
    wildcards: accession=SRR12265192
    threads: 4

Activating conda environment: /mnt/tank/scratch/mfiruleva/scn/config/7c2bd866
Removing temporary output file sra/SRR12265192.sra.
[Sat Oct 31 02:27:46 2020]
Finished job 5.
4 of 9 steps (44%) done
Resources before job selection: {'_cores': 4, '_nodes': 9223372036854775807}
Ready jobs (1):
	kallisto
Selected jobs (1):
	kallisto
Resources after job selection: {'_cores': 0, '_nodes': 9223372036854775806}

[Sat Oct 31 02:27:46 2020]
rule kallisto:
    input: SRR12265192_1.fastq.gz, SRR12265193_1.fastq.gz, SRR12265192_2.fastq.gz, SRR12265193_2.fastq.gz
    output: R1.gz, R2.gz, bus_out/correct_output.bus, bus_out/output.bus
    log: logs/kallisto.log
    jobid: 4
    benchmark: benchmarks/kallisto.txt
    threads: 4

 singularity exec --home /mnt/tank/scratch/mfiruleva/scn/data/GSE154692/SRS7041374  --bind /nfs/home/mfiruleva/anaconda3/envs/scn_cor/lib/python3.8/site-packages:/mnt/snakemake /mnt/tank/scratch/mfiruleva/scn/config/e78b32002e592105c700c757fbe8a8e4.simg sh -c 'type conda'
 singularity exec --home /mnt/tank/scratch/mfiruleva/scn/data/GSE154692/SRS7041374  --bind /nfs/home/mfiruleva/anaconda3/envs/scn_cor/lib/python3.8/site-packages:/mnt/snakemake /mnt/tank/scratch/mfiruleva/scn/config/e78b32002e592105c700c757fbe8a8e4.simg sh -c 'conda --version'
 singularity exec --home /mnt/tank/scratch/mfiruleva/scn/data/GSE154692/SRS7041374  --bind /nfs/home/mfiruleva/anaconda3/envs/scn_cor/lib/python3.8/site-packages:/mnt/snakemake /mnt/tank/scratch/mfiruleva/scn/config/e78b32002e592105c700c757fbe8a8e4.simg sh -c 'conda info --json'
 singularity exec --home /mnt/tank/scratch/mfiruleva/scn/data/GSE154692/SRS7041374  --bind /nfs/home/mfiruleva/anaconda3/envs/scn_cor/lib/python3.8/site-packages:/mnt/snakemake /mnt/tank/scratch/mfiruleva/scn/config/e78b32002e592105c700c757fbe8a8e4.simg sh -c 'type conda'
 singularity exec --home /mnt/tank/scratch/mfiruleva/scn/data/GSE154692/SRS7041374  --bind /nfs/home/mfiruleva/anaconda3/envs/scn_cor/lib/python3.8/site-packages:/mnt/snakemake /mnt/tank/scratch/mfiruleva/scn/config/e78b32002e592105c700c757fbe8a8e4.simg sh -c 'conda --version'
 singularity exec --home /mnt/tank/scratch/mfiruleva/scn/data/GSE154692/SRS7041374  --bind /nfs/home/mfiruleva/anaconda3/envs/scn_cor/lib/python3.8/site-packages:/mnt/snakemake /mnt/tank/scratch/mfiruleva/scn/config/e78b32002e592105c700c757fbe8a8e4.simg sh -c 'conda info --json'
 singularity exec --home /mnt/tank/scratch/mfiruleva/scn/data/GSE154692/SRS7041374 --bind /scratch/mfiruleva/winter/genomes/mus:/home --bind /scratch/mfiruleva/GSEs_processing/wget_and_process:/files --bind /mnt/tank/scratch/mfiruleva/scn/config/65ef9760:/mnt/tank/scratch/mfiruleva/scn/config/65ef9760 --bind /mnt/tank/scratch/mfiruleva/scn/stats/summary.csv:/mnt/tank/scratch/mfiruleva/scn/stats/summary.csv --bind /nfs/home/mfiruleva/anaconda3/envs/scn_cor/lib/python3.8/site-packages:/mnt/snakemake /mnt/tank/scratch/mfiruleva/scn/config/e78b32002e592105c700c757fbe8a8e4.simg bash -c 'source /opt/conda/bin/activate '\''/mnt/tank/scratch/mfiruleva/scn/config/65ef9760'\''; set -euo pipefail;  bash kallisto.sh 2> logs/kallisto.log'
Activating singularity image /mnt/tank/scratch/mfiruleva/scn/config/e78b32002e592105c700c757fbe8a8e4.simg
Activating conda environment: /mnt/tank/scratch/mfiruleva/scn/config/65ef9760
Removing temporary output file SRR12265192_2.fastq.gz.
Removing temporary output file SRR12265192_1.fastq.gz.
Removing temporary output file SRR12265193_1.fastq.gz.
Removing temporary output file SRR12265193_2.fastq.gz.
Removing temporary output file R1.gz.
Removing temporary output file R2.gz.
Removing temporary output file bus_out/output.bus.
[Sat Oct 31 02:34:23 2020]
Finished job 4.
5 of 9 steps (56%) done
Resources before job selection: {'_cores': 4, '_nodes': 9223372036854775807}
Ready jobs (1):
	get_count_matrix
Selected jobs (1):
	get_count_matrix
Resources after job selection: {'_cores': 3, '_nodes': 9223372036854775806}

[Sat Oct 31 02:34:23 2020]
rule get_count_matrix:
    input: bus_out/correct_output.bus
    output: counts.RData
    log: logs/get_count_matrix.log
    jobid: 3
    benchmark: benchmarks/get_count_matrix.txt

 singularity exec --home /mnt/tank/scratch/mfiruleva/scn/data/GSE154692/SRS7041374  --bind /nfs/home/mfiruleva/anaconda3/envs/scn_cor/lib/python3.8/site-packages:/mnt/snakemake /mnt/tank/scratch/mfiruleva/scn/config/e78b32002e592105c700c757fbe8a8e4.simg sh -c 'type conda'
 singularity exec --home /mnt/tank/scratch/mfiruleva/scn/data/GSE154692/SRS7041374  --bind /nfs/home/mfiruleva/anaconda3/envs/scn_cor/lib/python3.8/site-packages:/mnt/snakemake /mnt/tank/scratch/mfiruleva/scn/config/e78b32002e592105c700c757fbe8a8e4.simg sh -c 'conda --version'
 singularity exec --home /mnt/tank/scratch/mfiruleva/scn/data/GSE154692/SRS7041374  --bind /nfs/home/mfiruleva/anaconda3/envs/scn_cor/lib/python3.8/site-packages:/mnt/snakemake /mnt/tank/scratch/mfiruleva/scn/config/e78b32002e592105c700c757fbe8a8e4.simg sh -c 'conda info --json'
 singularity exec --home /mnt/tank/scratch/mfiruleva/scn/data/GSE154692/SRS7041374 --bind /scratch/mfiruleva/winter/genomes/mus:/home --bind /scratch/mfiruleva/GSEs_processing/wget_and_process:/files --bind /mnt/tank/scratch/mfiruleva/scn/config/65ef9760:/mnt/tank/scratch/mfiruleva/scn/config/65ef9760 --bind /mnt/tank/scratch/mfiruleva/scn/stats/summary.csv:/mnt/tank/scratch/mfiruleva/scn/stats/summary.csv --bind /nfs/home/mfiruleva/anaconda3/envs/scn_cor/lib/python3.8/site-packages:/mnt/snakemake /mnt/tank/scratch/mfiruleva/scn/config/e78b32002e592105c700c757fbe8a8e4.simg bash -c 'source /opt/conda/bin/activate '\''/mnt/tank/scratch/mfiruleva/scn/config/65ef9760'\''; set -euo pipefail;  Rscript scripts/get_count_matrix.R 2> logs/get_count_matrix.log'
Activating singularity image /mnt/tank/scratch/mfiruleva/scn/config/e78b32002e592105c700c757fbe8a8e4.simg
Activating conda environment: /mnt/tank/scratch/mfiruleva/scn/config/65ef9760
Removing temporary output file bus_out/correct_output.bus.
[Sat Oct 31 02:36:02 2020]
Finished job 3.
6 of 9 steps (67%) done
Resources before job selection: {'_cores': 4, '_nodes': 9223372036854775807}
Ready jobs (1):
	run_analysis
Selected jobs (1):
	run_analysis
Resources after job selection: {'_cores': 3, '_nodes': 9223372036854775806}

[Sat Oct 31 02:36:02 2020]
rule run_analysis:
    input: counts.RData
    output: SRS7041374.h5ad, SRS7041374.RData
    log: logs/seurat.log
    jobid: 2
    benchmark: benchmarks/analysis.txt

 singularity exec --home /mnt/tank/scratch/mfiruleva/scn/data/GSE154692/SRS7041374  --bind /nfs/home/mfiruleva/anaconda3/envs/scn_cor/lib/python3.8/site-packages:/mnt/snakemake /mnt/tank/scratch/mfiruleva/scn/config/e78b32002e592105c700c757fbe8a8e4.simg sh -c 'type conda'
 singularity exec --home /mnt/tank/scratch/mfiruleva/scn/data/GSE154692/SRS7041374  --bind /nfs/home/mfiruleva/anaconda3/envs/scn_cor/lib/python3.8/site-packages:/mnt/snakemake /mnt/tank/scratch/mfiruleva/scn/config/e78b32002e592105c700c757fbe8a8e4.simg sh -c 'conda --version'
 singularity exec --home /mnt/tank/scratch/mfiruleva/scn/data/GSE154692/SRS7041374  --bind /nfs/home/mfiruleva/anaconda3/envs/scn_cor/lib/python3.8/site-packages:/mnt/snakemake /mnt/tank/scratch/mfiruleva/scn/config/e78b32002e592105c700c757fbe8a8e4.simg sh -c 'conda info --json'
 singularity exec --home /mnt/tank/scratch/mfiruleva/scn/data/GSE154692/SRS7041374 --bind /scratch/mfiruleva/winter/genomes/mus:/home --bind /scratch/mfiruleva/GSEs_processing/wget_and_process:/files --bind /mnt/tank/scratch/mfiruleva/scn/config/65ef9760:/mnt/tank/scratch/mfiruleva/scn/config/65ef9760 --bind /mnt/tank/scratch/mfiruleva/scn/stats/summary.csv:/mnt/tank/scratch/mfiruleva/scn/stats/summary.csv --bind /nfs/home/mfiruleva/anaconda3/envs/scn_cor/lib/python3.8/site-packages:/mnt/snakemake /mnt/tank/scratch/mfiruleva/scn/config/e78b32002e592105c700c757fbe8a8e4.simg bash -c 'source /opt/conda/bin/activate '\''/mnt/tank/scratch/mfiruleva/scn/config/65ef9760'\''; set -euo pipefail;  Rscript scripts/analysis.R 2> logs/seurat.log'
Activating singularity image /mnt/tank/scratch/mfiruleva/scn/config/e78b32002e592105c700c757fbe8a8e4.simg
Activating conda environment: /mnt/tank/scratch/mfiruleva/scn/config/65ef9760
[Sat Oct 31 03:00:31 2020]
Finished job 2.
7 of 9 steps (78%) done
Resources before job selection: {'_cores': 4, '_nodes': 9223372036854775807}
Ready jobs (1):
	add_uns_to_h5ad
Selected jobs (1):
	add_uns_to_h5ad
Resources after job selection: {'_cores': 3, '_nodes': 9223372036854775806}

[Sat Oct 31 03:00:31 2020]
localrule add_uns_to_h5ad:
    input: SRS7041374.h5ad
    output: SRS7041374_with_uns.h5ad
    jobid: 1

Activating conda environment: /mnt/tank/scratch/mfiruleva/scn/config/7c2bd866
Removing temporary output file SRS7041374.h5ad.
[Sat Oct 31 03:00:48 2020]
Finished job 1.
8 of 9 steps (89%) done
Resources before job selection: {'_cores': 4, '_nodes': 9223372036854775807}
Ready jobs (1):
	all
Selected jobs (1):
	all
Resources after job selection: {'_cores': 3, '_nodes': 9223372036854775806}

[Sat Oct 31 03:00:48 2020]
localrule all:
    input: SRS7041374_with_uns.h5ad
    jobid: 0

[Sat Oct 31 03:00:48 2020]
Finished job 0.
9 of 9 steps (100%) done
Complete log: /mnt/tank/scratch/mfiruleva/scn/data/GSE154692/SRS7041374/.snakemake/log/2020-10-31T011318.026374.snakemake.log
unlocking
removing lock
removing lock
removed all locks
