Building DAG of jobs...
Using shell: /bin/bash
Provided cores: 4
Rules claiming more threads will be scaled down.
Job counts:
	count	jobs
	1	add_uns_to_h5ad
	1	all
	1	define_version
	8	download_fq_header
	1	get_count_matrix
	1	kallisto
	1	run_analysis
	14

[Sun Jul 26 04:41:39 2020]
rule download_fq_header:
    output: SRR11584115_1.fastq.gz
    log: logs/prepare_loading_SRR11584115.log
    jobid: 7
    benchmark: benchmarks/prepare_loading_SRR11584115.txt
    wildcards: accession=SRR11584115


[Sun Jul 26 04:41:39 2020]
rule download_fq_header:
    output: SRR11584119_1.fastq.gz
    log: logs/prepare_loading_SRR11584119.log
    jobid: 11
    benchmark: benchmarks/prepare_loading_SRR11584119.txt
    wildcards: accession=SRR11584119


[Sun Jul 26 04:41:39 2020]
rule download_fq_header:
    output: SRR11584117_1.fastq.gz
    log: logs/prepare_loading_SRR11584117.log
    jobid: 9
    benchmark: benchmarks/prepare_loading_SRR11584117.txt
    wildcards: accession=SRR11584117


[Sun Jul 26 04:41:39 2020]
rule download_fq_header:
    output: SRR11584118_1.fastq.gz
    log: logs/prepare_loading_SRR11584118.log
    jobid: 10
    benchmark: benchmarks/prepare_loading_SRR11584118.txt
    wildcards: accession=SRR11584118

Activating singularity image /mnt/tank/scratch/mfiruleva/scn/config/e78b32002e592105c700c757fbe8a8e4.simg
Activating conda environment: /mnt/tank/scratch/mfiruleva/scn/config/65ef9760
Activating singularity image /mnt/tank/scratch/mfiruleva/scn/config/e78b32002e592105c700c757fbe8a8e4.simg
Activating conda environment: /mnt/tank/scratch/mfiruleva/scn/config/65ef9760
Activating singularity image /mnt/tank/scratch/mfiruleva/scn/config/e78b32002e592105c700c757fbe8a8e4.simg
Activating conda environment: /mnt/tank/scratch/mfiruleva/scn/config/65ef9760
Activating singularity image /mnt/tank/scratch/mfiruleva/scn/config/e78b32002e592105c700c757fbe8a8e4.simg
Activating conda environment: /mnt/tank/scratch/mfiruleva/scn/config/65ef9760
[Sun Jul 26 04:44:03 2020]
Finished job 7.
1 of 14 steps (7%) done

[Sun Jul 26 04:44:03 2020]
rule download_fq_header:
    output: SRR11584120_1.fastq.gz
    log: logs/prepare_loading_SRR11584120.log
    jobid: 12
    benchmark: benchmarks/prepare_loading_SRR11584120.txt
    wildcards: accession=SRR11584120

[Sun Jul 26 04:44:03 2020]
Finished job 10.
2 of 14 steps (14%) done

[Sun Jul 26 04:44:03 2020]
rule download_fq_header:
    output: SRR11584121_1.fastq.gz
    log: logs/prepare_loading_SRR11584121.log
    jobid: 13
    benchmark: benchmarks/prepare_loading_SRR11584121.txt
    wildcards: accession=SRR11584121

[Sun Jul 26 04:44:03 2020]
Finished job 9.
3 of 14 steps (21%) done

[Sun Jul 26 04:44:03 2020]
rule download_fq_header:
    output: SRR11584116_1.fastq.gz
    log: logs/prepare_loading_SRR11584116.log
    jobid: 8
    benchmark: benchmarks/prepare_loading_SRR11584116.txt
    wildcards: accession=SRR11584116

[Sun Jul 26 04:44:03 2020]
Finished job 11.
4 of 14 steps (29%) done

[Sun Jul 26 04:44:03 2020]
rule download_fq_header:
    output: SRR11584114_1.fastq.gz
    log: logs/prepare_loading_SRR11584114.log
    jobid: 6
    benchmark: benchmarks/prepare_loading_SRR11584114.txt
    wildcards: accession=SRR11584114

Activating singularity image /mnt/tank/scratch/mfiruleva/scn/config/e78b32002e592105c700c757fbe8a8e4.simg
Activating conda environment: /mnt/tank/scratch/mfiruleva/scn/config/65ef9760
Activating singularity image /mnt/tank/scratch/mfiruleva/scn/config/e78b32002e592105c700c757fbe8a8e4.simg
Activating conda environment: /mnt/tank/scratch/mfiruleva/scn/config/65ef9760
Activating singularity image /mnt/tank/scratch/mfiruleva/scn/config/e78b32002e592105c700c757fbe8a8e4.simg
Activating conda environment: /mnt/tank/scratch/mfiruleva/scn/config/65ef9760
Activating singularity image /mnt/tank/scratch/mfiruleva/scn/config/e78b32002e592105c700c757fbe8a8e4.simg
Activating conda environment: /mnt/tank/scratch/mfiruleva/scn/config/65ef9760
[Sun Jul 26 04:45:28 2020]
Finished job 12.
5 of 14 steps (36%) done
[Sun Jul 26 04:45:28 2020]
Finished job 8.
6 of 14 steps (43%) done
[Sun Jul 26 04:45:29 2020]
Finished job 13.
7 of 14 steps (50%) done
[Sun Jul 26 04:45:31 2020]
Finished job 6.
8 of 14 steps (57%) done

[Sun Jul 26 04:45:31 2020]
rule define_version:
    input: SRR11584114_1.fastq.gz, SRR11584115_1.fastq.gz, SRR11584116_1.fastq.gz, SRR11584117_1.fastq.gz, SRR11584118_1.fastq.gz, SRR11584119_1.fastq.gz, SRR11584120_1.fastq.gz, SRR11584121_1.fastq.gz
    output: kallisto.sh
    log: logs/define_version.log
    jobid: 5
    benchmark: benchmarks/define_version.txt
    threads: 4

Activating singularity image /mnt/tank/scratch/mfiruleva/scn/config/e78b32002e592105c700c757fbe8a8e4.simg
Activating conda environment: /mnt/tank/scratch/mfiruleva/scn/config/65ef9760
Removing temporary output file SRR11584114_1.fastq.gz.
Removing temporary output file SRR11584115_1.fastq.gz.
Removing temporary output file SRR11584116_1.fastq.gz.
Removing temporary output file SRR11584117_1.fastq.gz.
Removing temporary output file SRR11584118_1.fastq.gz.
Removing temporary output file SRR11584119_1.fastq.gz.
Removing temporary output file SRR11584120_1.fastq.gz.
Removing temporary output file SRR11584121_1.fastq.gz.
[Sun Jul 26 04:45:56 2020]
Finished job 5.
9 of 14 steps (64%) done

[Sun Jul 26 04:45:56 2020]
rule kallisto:
    input: kallisto.sh
    output: R1.gz, R2.gz, bus_out/correct_output.bus, bus_out/output.bus
    log: logs/kallisto.log
    jobid: 4
    benchmark: benchmarks/kallisto.txt

Activating singularity image /mnt/tank/scratch/mfiruleva/scn/config/e78b32002e592105c700c757fbe8a8e4.simg
Activating conda environment: /mnt/tank/scratch/mfiruleva/scn/config/65ef9760
Removing temporary output file R1.gz.
Removing temporary output file R2.gz.
Removing temporary output file bus_out/output.bus.
[Sun Jul 26 06:40:26 2020]
Finished job 4.
10 of 14 steps (71%) done

[Sun Jul 26 06:40:26 2020]
rule get_count_matrix:
    input: bus_out/correct_output.bus
    output: counts.RData
    log: logs/get_count_matrix.log
    jobid: 3
    benchmark: benchmarks/get_count_matrix.txt

Activating singularity image /mnt/tank/scratch/mfiruleva/scn/config/e78b32002e592105c700c757fbe8a8e4.simg
Activating conda environment: /mnt/tank/scratch/mfiruleva/scn/config/65ef9760
Removing temporary output file bus_out/correct_output.bus.
[Sun Jul 26 06:42:27 2020]
Finished job 3.
11 of 14 steps (79%) done

[Sun Jul 26 06:42:27 2020]
rule run_analysis:
    input: counts.RData
    output: SRS6514322.h5ad, SRS6514322.RData
    log: logs/seurat.log
    jobid: 2
    benchmark: benchmarks/analysis.txt

Activating singularity image /mnt/tank/scratch/mfiruleva/scn/config/e78b32002e592105c700c757fbe8a8e4.simg
Activating conda environment: /mnt/tank/scratch/mfiruleva/scn/config/65ef9760
[Sun Jul 26 06:57:55 2020]
Finished job 2.
12 of 14 steps (86%) done

[Sun Jul 26 06:57:55 2020]
localrule add_uns_to_h5ad:
    input: SRS6514322.h5ad
    output: SRS6514322_with_uns.h5ad
    jobid: 1

Activating singularity image /mnt/tank/scratch/mfiruleva/scn/config/e78b32002e592105c700c757fbe8a8e4.simg
Activating conda environment: /mnt/tank/scratch/mfiruleva/scn/config/65ef9760
Removing temporary output file SRS6514322.h5ad.
[Sun Jul 26 06:58:29 2020]
Finished job 1.
13 of 14 steps (93%) done

[Sun Jul 26 06:58:29 2020]
localrule all:
    input: SRS6514322_with_uns.h5ad
    jobid: 0

[Sun Jul 26 06:58:29 2020]
Finished job 0.
14 of 14 steps (100%) done
Complete log: /mnt/tank/scratch/mfiruleva/scn/data/GSE149069/SRS6514322/.snakemake/log/2020-07-26T044138.366270.snakemake.log
