Building DAG of jobs...
Singularity image location: /mnt/tank/scratch/mfiruleva/scn/config/sin/e78b32002e592105c700c757fbe8a8e4.simg
Using shell: /bin/bash
Provided cores: 4
Rules claiming more threads will be scaled down.
Job counts:
	count	jobs
	1	add_uns_to_h5ad
	1	all
	1	define_version
	8	download_fq_header
	1	get_count_matrix
	1	kallisto
	1	run_analysis
	14
Resources before job selection: {'_cores': 4, '_nodes': 9223372036854775807}
Ready jobs (8):
	download_fq_header
	download_fq_header
	download_fq_header
	download_fq_header
	download_fq_header
	download_fq_header
	download_fq_header
	download_fq_header
Selected jobs (4):
	download_fq_header
	download_fq_header
	download_fq_header
	download_fq_header
Resources after job selection: {'_cores': 0, '_nodes': 9223372036854775803}

[Wed Oct 21 14:39:48 2020]
rule download_fq_header:
    output: SRR9130175_1.fastq.gz
    log: logs/prepare_loading_SRR9130175.log
    jobid: 6
    benchmark: benchmarks/prepare_loading_SRR9130175.txt
    wildcards: accession=SRR9130175


[Wed Oct 21 14:39:48 2020]
rule download_fq_header:
    output: SRR9130180_1.fastq.gz
    log: logs/prepare_loading_SRR9130180.log
    jobid: 11
    benchmark: benchmarks/prepare_loading_SRR9130180.txt
    wildcards: accession=SRR9130180


[Wed Oct 21 14:39:48 2020]
rule download_fq_header:
    output: SRR9130179_1.fastq.gz
    log: logs/prepare_loading_SRR9130179.log
    jobid: 10
    benchmark: benchmarks/prepare_loading_SRR9130179.txt
    wildcards: accession=SRR9130179


[Wed Oct 21 14:39:48 2020]
rule download_fq_header:
    output: SRR9130176_1.fastq.gz
    log: logs/prepare_loading_SRR9130176.log
    jobid: 7
    benchmark: benchmarks/prepare_loading_SRR9130176.txt
    wildcards: accession=SRR9130176

 singularity exec --home /mnt/tank/scratch/mfiruleva/scn/data/GSE131776/SRS4824193  --bind /nfs/home/mfiruleva/anaconda3/envs/scn_cor/lib/python3.8/site-packages:/mnt/snakemake /mnt/tank/scratch/mfiruleva/scn/config/sin/e78b32002e592105c700c757fbe8a8e4.simg sh -c 'type conda'
 singularity exec --home /mnt/tank/scratch/mfiruleva/scn/data/GSE131776/SRS4824193  --bind /nfs/home/mfiruleva/anaconda3/envs/scn_cor/lib/python3.8/site-packages:/mnt/snakemake /mnt/tank/scratch/mfiruleva/scn/config/sin/e78b32002e592105c700c757fbe8a8e4.simg sh -c 'type conda'
 singularity exec --home /mnt/tank/scratch/mfiruleva/scn/data/GSE131776/SRS4824193  --bind /nfs/home/mfiruleva/anaconda3/envs/scn_cor/lib/python3.8/site-packages:/mnt/snakemake /mnt/tank/scratch/mfiruleva/scn/config/sin/e78b32002e592105c700c757fbe8a8e4.simg sh -c 'type conda'
 singularity exec --home /mnt/tank/scratch/mfiruleva/scn/data/GSE131776/SRS4824193  --bind /nfs/home/mfiruleva/anaconda3/envs/scn_cor/lib/python3.8/site-packages:/mnt/snakemake /mnt/tank/scratch/mfiruleva/scn/config/sin/e78b32002e592105c700c757fbe8a8e4.simg sh -c 'type conda'
 singularity exec --home /mnt/tank/scratch/mfiruleva/scn/data/GSE131776/SRS4824193  --bind /nfs/home/mfiruleva/anaconda3/envs/scn_cor/lib/python3.8/site-packages:/mnt/snakemake /mnt/tank/scratch/mfiruleva/scn/config/sin/e78b32002e592105c700c757fbe8a8e4.simg sh -c 'conda --version'
 singularity exec --home /mnt/tank/scratch/mfiruleva/scn/data/GSE131776/SRS4824193  --bind /nfs/home/mfiruleva/anaconda3/envs/scn_cor/lib/python3.8/site-packages:/mnt/snakemake /mnt/tank/scratch/mfiruleva/scn/config/sin/e78b32002e592105c700c757fbe8a8e4.simg sh -c 'conda --version'
 singularity exec --home /mnt/tank/scratch/mfiruleva/scn/data/GSE131776/SRS4824193  --bind /nfs/home/mfiruleva/anaconda3/envs/scn_cor/lib/python3.8/site-packages:/mnt/snakemake /mnt/tank/scratch/mfiruleva/scn/config/sin/e78b32002e592105c700c757fbe8a8e4.simg sh -c 'conda --version'
 singularity exec --home /mnt/tank/scratch/mfiruleva/scn/data/GSE131776/SRS4824193  --bind /nfs/home/mfiruleva/anaconda3/envs/scn_cor/lib/python3.8/site-packages:/mnt/snakemake /mnt/tank/scratch/mfiruleva/scn/config/sin/e78b32002e592105c700c757fbe8a8e4.simg sh -c 'conda --version'
 singularity exec --home /mnt/tank/scratch/mfiruleva/scn/data/GSE131776/SRS4824193  --bind /nfs/home/mfiruleva/anaconda3/envs/scn_cor/lib/python3.8/site-packages:/mnt/snakemake /mnt/tank/scratch/mfiruleva/scn/config/sin/e78b32002e592105c700c757fbe8a8e4.simg sh -c 'conda info --json'
 singularity exec --home /mnt/tank/scratch/mfiruleva/scn/data/GSE131776/SRS4824193  --bind /nfs/home/mfiruleva/anaconda3/envs/scn_cor/lib/python3.8/site-packages:/mnt/snakemake /mnt/tank/scratch/mfiruleva/scn/config/sin/e78b32002e592105c700c757fbe8a8e4.simg sh -c 'conda info --json'
 singularity exec --home /mnt/tank/scratch/mfiruleva/scn/data/GSE131776/SRS4824193  --bind /nfs/home/mfiruleva/anaconda3/envs/scn_cor/lib/python3.8/site-packages:/mnt/snakemake /mnt/tank/scratch/mfiruleva/scn/config/sin/e78b32002e592105c700c757fbe8a8e4.simg sh -c 'conda info --json'
 singularity exec --home /mnt/tank/scratch/mfiruleva/scn/data/GSE131776/SRS4824193  --bind /nfs/home/mfiruleva/anaconda3/envs/scn_cor/lib/python3.8/site-packages:/mnt/snakemake /mnt/tank/scratch/mfiruleva/scn/config/sin/e78b32002e592105c700c757fbe8a8e4.simg sh -c 'conda info --json'
 singularity exec --home /mnt/tank/scratch/mfiruleva/scn/data/GSE131776/SRS4824193  --bind /nfs/home/mfiruleva/anaconda3/envs/scn_cor/lib/python3.8/site-packages:/mnt/snakemake /mnt/tank/scratch/mfiruleva/scn/config/sin/e78b32002e592105c700c757fbe8a8e4.simg sh -c 'type conda'
 singularity exec --home /mnt/tank/scratch/mfiruleva/scn/data/GSE131776/SRS4824193  --bind /nfs/home/mfiruleva/anaconda3/envs/scn_cor/lib/python3.8/site-packages:/mnt/snakemake /mnt/tank/scratch/mfiruleva/scn/config/sin/e78b32002e592105c700c757fbe8a8e4.simg sh -c 'type conda'
 singularity exec --home /mnt/tank/scratch/mfiruleva/scn/data/GSE131776/SRS4824193  --bind /nfs/home/mfiruleva/anaconda3/envs/scn_cor/lib/python3.8/site-packages:/mnt/snakemake /mnt/tank/scratch/mfiruleva/scn/config/sin/e78b32002e592105c700c757fbe8a8e4.simg sh -c 'type conda'
 singularity exec --home /mnt/tank/scratch/mfiruleva/scn/data/GSE131776/SRS4824193  --bind /nfs/home/mfiruleva/anaconda3/envs/scn_cor/lib/python3.8/site-packages:/mnt/snakemake /mnt/tank/scratch/mfiruleva/scn/config/sin/e78b32002e592105c700c757fbe8a8e4.simg sh -c 'type conda'
 singularity exec --home /mnt/tank/scratch/mfiruleva/scn/data/GSE131776/SRS4824193  --bind /nfs/home/mfiruleva/anaconda3/envs/scn_cor/lib/python3.8/site-packages:/mnt/snakemake /mnt/tank/scratch/mfiruleva/scn/config/sin/e78b32002e592105c700c757fbe8a8e4.simg sh -c 'conda --version'
 singularity exec --home /mnt/tank/scratch/mfiruleva/scn/data/GSE131776/SRS4824193  --bind /nfs/home/mfiruleva/anaconda3/envs/scn_cor/lib/python3.8/site-packages:/mnt/snakemake /mnt/tank/scratch/mfiruleva/scn/config/sin/e78b32002e592105c700c757fbe8a8e4.simg sh -c 'conda --version'
 singularity exec --home /mnt/tank/scratch/mfiruleva/scn/data/GSE131776/SRS4824193  --bind /nfs/home/mfiruleva/anaconda3/envs/scn_cor/lib/python3.8/site-packages:/mnt/snakemake /mnt/tank/scratch/mfiruleva/scn/config/sin/e78b32002e592105c700c757fbe8a8e4.simg sh -c 'conda --version'
 singularity exec --home /mnt/tank/scratch/mfiruleva/scn/data/GSE131776/SRS4824193  --bind /nfs/home/mfiruleva/anaconda3/envs/scn_cor/lib/python3.8/site-packages:/mnt/snakemake /mnt/tank/scratch/mfiruleva/scn/config/sin/e78b32002e592105c700c757fbe8a8e4.simg sh -c 'conda --version'
 singularity exec --home /mnt/tank/scratch/mfiruleva/scn/data/GSE131776/SRS4824193  --bind /nfs/home/mfiruleva/anaconda3/envs/scn_cor/lib/python3.8/site-packages:/mnt/snakemake /mnt/tank/scratch/mfiruleva/scn/config/sin/e78b32002e592105c700c757fbe8a8e4.simg sh -c 'conda info --json'
 singularity exec --home /mnt/tank/scratch/mfiruleva/scn/data/GSE131776/SRS4824193  --bind /nfs/home/mfiruleva/anaconda3/envs/scn_cor/lib/python3.8/site-packages:/mnt/snakemake /mnt/tank/scratch/mfiruleva/scn/config/sin/e78b32002e592105c700c757fbe8a8e4.simg sh -c 'conda info --json'
 singularity exec --home /mnt/tank/scratch/mfiruleva/scn/data/GSE131776/SRS4824193  --bind /nfs/home/mfiruleva/anaconda3/envs/scn_cor/lib/python3.8/site-packages:/mnt/snakemake /mnt/tank/scratch/mfiruleva/scn/config/sin/e78b32002e592105c700c757fbe8a8e4.simg sh -c 'conda info --json'
 singularity exec --home /mnt/tank/scratch/mfiruleva/scn/data/GSE131776/SRS4824193  --bind /nfs/home/mfiruleva/anaconda3/envs/scn_cor/lib/python3.8/site-packages:/mnt/snakemake /mnt/tank/scratch/mfiruleva/scn/config/sin/e78b32002e592105c700c757fbe8a8e4.simg sh -c 'conda info --json'
 singularity exec --home /mnt/tank/scratch/mfiruleva/scn/data/GSE131776/SRS4824193 --bind /scratch/mfiruleva/winter/genomes/mus:/home --bind /scratch/mfiruleva/GSEs_processing/wget_and_process:/files --bind /mnt/tank/scratch/mfiruleva/scn/config/65ef9760:/mnt/tank/scratch/mfiruleva/scn/config/65ef9760 --bind /mnt/tank/scratch/mfiruleva/scn/stats/summary.csv:/mnt/tank/scratch/mfiruleva/scn/stats/summary.csv --bind /nfs/home/mfiruleva/anaconda3/envs/scn_cor/lib/python3.8/site-packages:/mnt/snakemake /mnt/tank/scratch/mfiruleva/scn/config/sin/e78b32002e592105c700c757fbe8a8e4.simg bash -c 'source /opt/conda/bin/activate '\''/mnt/tank/scratch/mfiruleva/scn/config/65ef9760'\''; set -euo pipefail;  wget -q -O - ftp://ftp.sra.ebi.ac.uk/vol1/fastq/SRR913/006/SRR9130176/SRR9130176_1.fastq.gz| zcat | head -400000 | gzip > SRR9130176_1.fastq.gz || true'
Activating singularity image /mnt/tank/scratch/mfiruleva/scn/config/sin/e78b32002e592105c700c757fbe8a8e4.simg
Activating conda environment: /mnt/tank/scratch/mfiruleva/scn/config/65ef9760
 singularity exec --home /mnt/tank/scratch/mfiruleva/scn/data/GSE131776/SRS4824193 --bind /scratch/mfiruleva/winter/genomes/mus:/home --bind /scratch/mfiruleva/GSEs_processing/wget_and_process:/files --bind /mnt/tank/scratch/mfiruleva/scn/config/65ef9760:/mnt/tank/scratch/mfiruleva/scn/config/65ef9760 --bind /mnt/tank/scratch/mfiruleva/scn/stats/summary.csv:/mnt/tank/scratch/mfiruleva/scn/stats/summary.csv --bind /nfs/home/mfiruleva/anaconda3/envs/scn_cor/lib/python3.8/site-packages:/mnt/snakemake /mnt/tank/scratch/mfiruleva/scn/config/sin/e78b32002e592105c700c757fbe8a8e4.simg bash -c 'source /opt/conda/bin/activate '\''/mnt/tank/scratch/mfiruleva/scn/config/65ef9760'\''; set -euo pipefail;  wget -q -O - ftp://ftp.sra.ebi.ac.uk/vol1/fastq/SRR913/005/SRR9130175/SRR9130175_1.fastq.gz| zcat | head -400000 | gzip > SRR9130175_1.fastq.gz || true'
Activating singularity image /mnt/tank/scratch/mfiruleva/scn/config/sin/e78b32002e592105c700c757fbe8a8e4.simg
Activating conda environment: /mnt/tank/scratch/mfiruleva/scn/config/65ef9760
 singularity exec --home /mnt/tank/scratch/mfiruleva/scn/data/GSE131776/SRS4824193 --bind /scratch/mfiruleva/winter/genomes/mus:/home --bind /scratch/mfiruleva/GSEs_processing/wget_and_process:/files --bind /mnt/tank/scratch/mfiruleva/scn/config/65ef9760:/mnt/tank/scratch/mfiruleva/scn/config/65ef9760 --bind /mnt/tank/scratch/mfiruleva/scn/stats/summary.csv:/mnt/tank/scratch/mfiruleva/scn/stats/summary.csv --bind /nfs/home/mfiruleva/anaconda3/envs/scn_cor/lib/python3.8/site-packages:/mnt/snakemake /mnt/tank/scratch/mfiruleva/scn/config/sin/e78b32002e592105c700c757fbe8a8e4.simg bash -c 'source /opt/conda/bin/activate '\''/mnt/tank/scratch/mfiruleva/scn/config/65ef9760'\''; set -euo pipefail;  wget -q -O - ftp://ftp.sra.ebi.ac.uk/vol1/fastq/SRR913/009/SRR9130179/SRR9130179_1.fastq.gz| zcat | head -400000 | gzip > SRR9130179_1.fastq.gz || true'
Activating singularity image /mnt/tank/scratch/mfiruleva/scn/config/sin/e78b32002e592105c700c757fbe8a8e4.simg
Activating conda environment: /mnt/tank/scratch/mfiruleva/scn/config/65ef9760
 singularity exec --home /mnt/tank/scratch/mfiruleva/scn/data/GSE131776/SRS4824193 --bind /scratch/mfiruleva/winter/genomes/mus:/home --bind /scratch/mfiruleva/GSEs_processing/wget_and_process:/files --bind /mnt/tank/scratch/mfiruleva/scn/config/65ef9760:/mnt/tank/scratch/mfiruleva/scn/config/65ef9760 --bind /mnt/tank/scratch/mfiruleva/scn/stats/summary.csv:/mnt/tank/scratch/mfiruleva/scn/stats/summary.csv --bind /nfs/home/mfiruleva/anaconda3/envs/scn_cor/lib/python3.8/site-packages:/mnt/snakemake /mnt/tank/scratch/mfiruleva/scn/config/sin/e78b32002e592105c700c757fbe8a8e4.simg bash -c 'source /opt/conda/bin/activate '\''/mnt/tank/scratch/mfiruleva/scn/config/65ef9760'\''; set -euo pipefail;  wget -q -O - ftp://ftp.sra.ebi.ac.uk/vol1/fastq/SRR913/000/SRR9130180/SRR9130180_1.fastq.gz| zcat | head -400000 | gzip > SRR9130180_1.fastq.gz || true'
Activating singularity image /mnt/tank/scratch/mfiruleva/scn/config/sin/e78b32002e592105c700c757fbe8a8e4.simg
Activating conda environment: /mnt/tank/scratch/mfiruleva/scn/config/65ef9760
[Wed Oct 21 14:42:32 2020]
Finished job 6.
1 of 14 steps (7%) done
Resources before job selection: {'_cores': 1, '_nodes': 9223372036854775804}
Ready jobs (4):
	download_fq_header
	download_fq_header
	download_fq_header
	download_fq_header
Selected jobs (1):
	download_fq_header
Resources after job selection: {'_cores': 0, '_nodes': 9223372036854775803}

[Wed Oct 21 14:42:32 2020]
rule download_fq_header:
    output: SRR9130181_1.fastq.gz
    log: logs/prepare_loading_SRR9130181.log
    jobid: 12
    benchmark: benchmarks/prepare_loading_SRR9130181.txt
    wildcards: accession=SRR9130181

 singularity exec --home /mnt/tank/scratch/mfiruleva/scn/data/GSE131776/SRS4824193  --bind /nfs/home/mfiruleva/anaconda3/envs/scn_cor/lib/python3.8/site-packages:/mnt/snakemake /mnt/tank/scratch/mfiruleva/scn/config/sin/e78b32002e592105c700c757fbe8a8e4.simg sh -c 'type conda'
[Wed Oct 21 14:42:38 2020]
Finished job 7.
2 of 14 steps (14%) done
Resources before job selection: {'_cores': 1, '_nodes': 9223372036854775804}
Ready jobs (3):
	download_fq_header
	download_fq_header
	download_fq_header
Selected jobs (1):
	download_fq_header
Resources after job selection: {'_cores': 0, '_nodes': 9223372036854775803}

[Wed Oct 21 14:42:38 2020]
rule download_fq_header:
    output: SRR9130182_1.fastq.gz
    log: logs/prepare_loading_SRR9130182.log
    jobid: 13
    benchmark: benchmarks/prepare_loading_SRR9130182.txt
    wildcards: accession=SRR9130182

 singularity exec --home /mnt/tank/scratch/mfiruleva/scn/data/GSE131776/SRS4824193  --bind /nfs/home/mfiruleva/anaconda3/envs/scn_cor/lib/python3.8/site-packages:/mnt/snakemake /mnt/tank/scratch/mfiruleva/scn/config/sin/e78b32002e592105c700c757fbe8a8e4.simg sh -c 'type conda'
[Wed Oct 21 14:42:38 2020]
Finished job 11.
3 of 14 steps (21%) done
Resources before job selection: {'_cores': 1, '_nodes': 9223372036854775804}
Ready jobs (2):
	download_fq_header
	download_fq_header
Selected jobs (1):
	download_fq_header
Resources after job selection: {'_cores': 0, '_nodes': 9223372036854775803}

[Wed Oct 21 14:42:38 2020]
rule download_fq_header:
    output: SRR9130177_1.fastq.gz
    log: logs/prepare_loading_SRR9130177.log
    jobid: 8
    benchmark: benchmarks/prepare_loading_SRR9130177.txt
    wildcards: accession=SRR9130177

 singularity exec --home /mnt/tank/scratch/mfiruleva/scn/data/GSE131776/SRS4824193  --bind /nfs/home/mfiruleva/anaconda3/envs/scn_cor/lib/python3.8/site-packages:/mnt/snakemake /mnt/tank/scratch/mfiruleva/scn/config/sin/e78b32002e592105c700c757fbe8a8e4.simg sh -c 'type conda'
[Wed Oct 21 14:42:39 2020]
Finished job 10.
4 of 14 steps (29%) done
Resources before job selection: {'_cores': 1, '_nodes': 9223372036854775804}
Ready jobs (1):
	download_fq_header
Selected jobs (1):
	download_fq_header
Resources after job selection: {'_cores': 0, '_nodes': 9223372036854775803}

[Wed Oct 21 14:42:39 2020]
rule download_fq_header:
    output: SRR9130178_1.fastq.gz
    log: logs/prepare_loading_SRR9130178.log
    jobid: 9
    benchmark: benchmarks/prepare_loading_SRR9130178.txt
    wildcards: accession=SRR9130178

 singularity exec --home /mnt/tank/scratch/mfiruleva/scn/data/GSE131776/SRS4824193  --bind /nfs/home/mfiruleva/anaconda3/envs/scn_cor/lib/python3.8/site-packages:/mnt/snakemake /mnt/tank/scratch/mfiruleva/scn/config/sin/e78b32002e592105c700c757fbe8a8e4.simg sh -c 'type conda'
 singularity exec --home /mnt/tank/scratch/mfiruleva/scn/data/GSE131776/SRS4824193  --bind /nfs/home/mfiruleva/anaconda3/envs/scn_cor/lib/python3.8/site-packages:/mnt/snakemake /mnt/tank/scratch/mfiruleva/scn/config/sin/e78b32002e592105c700c757fbe8a8e4.simg sh -c 'conda --version'
 singularity exec --home /mnt/tank/scratch/mfiruleva/scn/data/GSE131776/SRS4824193  --bind /nfs/home/mfiruleva/anaconda3/envs/scn_cor/lib/python3.8/site-packages:/mnt/snakemake /mnt/tank/scratch/mfiruleva/scn/config/sin/e78b32002e592105c700c757fbe8a8e4.simg sh -c 'conda --version'
 singularity exec --home /mnt/tank/scratch/mfiruleva/scn/data/GSE131776/SRS4824193  --bind /nfs/home/mfiruleva/anaconda3/envs/scn_cor/lib/python3.8/site-packages:/mnt/snakemake /mnt/tank/scratch/mfiruleva/scn/config/sin/e78b32002e592105c700c757fbe8a8e4.simg sh -c 'conda --version'
 singularity exec --home /mnt/tank/scratch/mfiruleva/scn/data/GSE131776/SRS4824193  --bind /nfs/home/mfiruleva/anaconda3/envs/scn_cor/lib/python3.8/site-packages:/mnt/snakemake /mnt/tank/scratch/mfiruleva/scn/config/sin/e78b32002e592105c700c757fbe8a8e4.simg sh -c 'conda --version'
 singularity exec --home /mnt/tank/scratch/mfiruleva/scn/data/GSE131776/SRS4824193  --bind /nfs/home/mfiruleva/anaconda3/envs/scn_cor/lib/python3.8/site-packages:/mnt/snakemake /mnt/tank/scratch/mfiruleva/scn/config/sin/e78b32002e592105c700c757fbe8a8e4.simg sh -c 'conda info --json'
 singularity exec --home /mnt/tank/scratch/mfiruleva/scn/data/GSE131776/SRS4824193  --bind /nfs/home/mfiruleva/anaconda3/envs/scn_cor/lib/python3.8/site-packages:/mnt/snakemake /mnt/tank/scratch/mfiruleva/scn/config/sin/e78b32002e592105c700c757fbe8a8e4.simg sh -c 'conda info --json'
 singularity exec --home /mnt/tank/scratch/mfiruleva/scn/data/GSE131776/SRS4824193  --bind /nfs/home/mfiruleva/anaconda3/envs/scn_cor/lib/python3.8/site-packages:/mnt/snakemake /mnt/tank/scratch/mfiruleva/scn/config/sin/e78b32002e592105c700c757fbe8a8e4.simg sh -c 'conda info --json'
 singularity exec --home /mnt/tank/scratch/mfiruleva/scn/data/GSE131776/SRS4824193  --bind /nfs/home/mfiruleva/anaconda3/envs/scn_cor/lib/python3.8/site-packages:/mnt/snakemake /mnt/tank/scratch/mfiruleva/scn/config/sin/e78b32002e592105c700c757fbe8a8e4.simg sh -c 'conda info --json'
 singularity exec --home /mnt/tank/scratch/mfiruleva/scn/data/GSE131776/SRS4824193 --bind /scratch/mfiruleva/winter/genomes/mus:/home --bind /scratch/mfiruleva/GSEs_processing/wget_and_process:/files --bind /mnt/tank/scratch/mfiruleva/scn/config/65ef9760:/mnt/tank/scratch/mfiruleva/scn/config/65ef9760 --bind /mnt/tank/scratch/mfiruleva/scn/stats/summary.csv:/mnt/tank/scratch/mfiruleva/scn/stats/summary.csv --bind /nfs/home/mfiruleva/anaconda3/envs/scn_cor/lib/python3.8/site-packages:/mnt/snakemake /mnt/tank/scratch/mfiruleva/scn/config/sin/e78b32002e592105c700c757fbe8a8e4.simg bash -c 'source /opt/conda/bin/activate '\''/mnt/tank/scratch/mfiruleva/scn/config/65ef9760'\''; set -euo pipefail;  wget -q -O - ftp://ftp.sra.ebi.ac.uk/vol1/fastq/SRR913/001/SRR9130181/SRR9130181_1.fastq.gz| zcat | head -400000 | gzip > SRR9130181_1.fastq.gz || true'
Activating singularity image /mnt/tank/scratch/mfiruleva/scn/config/sin/e78b32002e592105c700c757fbe8a8e4.simg
Activating conda environment: /mnt/tank/scratch/mfiruleva/scn/config/65ef9760
 singularity exec --home /mnt/tank/scratch/mfiruleva/scn/data/GSE131776/SRS4824193 --bind /scratch/mfiruleva/winter/genomes/mus:/home --bind /scratch/mfiruleva/GSEs_processing/wget_and_process:/files --bind /mnt/tank/scratch/mfiruleva/scn/config/65ef9760:/mnt/tank/scratch/mfiruleva/scn/config/65ef9760 --bind /mnt/tank/scratch/mfiruleva/scn/stats/summary.csv:/mnt/tank/scratch/mfiruleva/scn/stats/summary.csv --bind /nfs/home/mfiruleva/anaconda3/envs/scn_cor/lib/python3.8/site-packages:/mnt/snakemake /mnt/tank/scratch/mfiruleva/scn/config/sin/e78b32002e592105c700c757fbe8a8e4.simg bash -c 'source /opt/conda/bin/activate '\''/mnt/tank/scratch/mfiruleva/scn/config/65ef9760'\''; set -euo pipefail;  wget -q -O - ftp://ftp.sra.ebi.ac.uk/vol1/fastq/SRR913/008/SRR9130178/SRR9130178_1.fastq.gz| zcat | head -400000 | gzip > SRR9130178_1.fastq.gz || true'
Activating singularity image /mnt/tank/scratch/mfiruleva/scn/config/sin/e78b32002e592105c700c757fbe8a8e4.simg
Activating conda environment: /mnt/tank/scratch/mfiruleva/scn/config/65ef9760
 singularity exec --home /mnt/tank/scratch/mfiruleva/scn/data/GSE131776/SRS4824193 --bind /scratch/mfiruleva/winter/genomes/mus:/home --bind /scratch/mfiruleva/GSEs_processing/wget_and_process:/files --bind /mnt/tank/scratch/mfiruleva/scn/config/65ef9760:/mnt/tank/scratch/mfiruleva/scn/config/65ef9760 --bind /mnt/tank/scratch/mfiruleva/scn/stats/summary.csv:/mnt/tank/scratch/mfiruleva/scn/stats/summary.csv --bind /nfs/home/mfiruleva/anaconda3/envs/scn_cor/lib/python3.8/site-packages:/mnt/snakemake /mnt/tank/scratch/mfiruleva/scn/config/sin/e78b32002e592105c700c757fbe8a8e4.simg bash -c 'source /opt/conda/bin/activate '\''/mnt/tank/scratch/mfiruleva/scn/config/65ef9760'\''; set -euo pipefail;  wget -q -O - ftp://ftp.sra.ebi.ac.uk/vol1/fastq/SRR913/007/SRR9130177/SRR9130177_1.fastq.gz| zcat | head -400000 | gzip > SRR9130177_1.fastq.gz || true'
Activating singularity image /mnt/tank/scratch/mfiruleva/scn/config/sin/e78b32002e592105c700c757fbe8a8e4.simg
Activating conda environment: /mnt/tank/scratch/mfiruleva/scn/config/65ef9760
 singularity exec --home /mnt/tank/scratch/mfiruleva/scn/data/GSE131776/SRS4824193 --bind /scratch/mfiruleva/winter/genomes/mus:/home --bind /scratch/mfiruleva/GSEs_processing/wget_and_process:/files --bind /mnt/tank/scratch/mfiruleva/scn/config/65ef9760:/mnt/tank/scratch/mfiruleva/scn/config/65ef9760 --bind /mnt/tank/scratch/mfiruleva/scn/stats/summary.csv:/mnt/tank/scratch/mfiruleva/scn/stats/summary.csv --bind /nfs/home/mfiruleva/anaconda3/envs/scn_cor/lib/python3.8/site-packages:/mnt/snakemake /mnt/tank/scratch/mfiruleva/scn/config/sin/e78b32002e592105c700c757fbe8a8e4.simg bash -c 'source /opt/conda/bin/activate '\''/mnt/tank/scratch/mfiruleva/scn/config/65ef9760'\''; set -euo pipefail;  wget -q -O - ftp://ftp.sra.ebi.ac.uk/vol1/fastq/SRR913/002/SRR9130182/SRR9130182_1.fastq.gz| zcat | head -400000 | gzip > SRR9130182_1.fastq.gz || true'
Activating singularity image /mnt/tank/scratch/mfiruleva/scn/config/sin/e78b32002e592105c700c757fbe8a8e4.simg
Activating conda environment: /mnt/tank/scratch/mfiruleva/scn/config/65ef9760
[Wed Oct 21 14:44:15 2020]
Finished job 12.
5 of 14 steps (36%) done
[Wed Oct 21 14:44:17 2020]
Finished job 9.
6 of 14 steps (43%) done
[Wed Oct 21 14:44:18 2020]
Finished job 13.
7 of 14 steps (50%) done
[Wed Oct 21 14:44:21 2020]
Finished job 8.
8 of 14 steps (57%) done
Resources before job selection: {'_cores': 4, '_nodes': 9223372036854775807}
Ready jobs (1):
	define_version
Selected jobs (1):
	define_version
Resources after job selection: {'_cores': 0, '_nodes': 9223372036854775806}

[Wed Oct 21 14:44:21 2020]
rule define_version:
    input: SRR9130175_1.fastq.gz, SRR9130176_1.fastq.gz, SRR9130177_1.fastq.gz, SRR9130178_1.fastq.gz, SRR9130179_1.fastq.gz, SRR9130180_1.fastq.gz, SRR9130181_1.fastq.gz, SRR9130182_1.fastq.gz
    output: kallisto.sh
    log: logs/define_version.log
    jobid: 5
    benchmark: benchmarks/define_version.txt
    threads: 4

 singularity exec --home /mnt/tank/scratch/mfiruleva/scn/data/GSE131776/SRS4824193  --bind /nfs/home/mfiruleva/anaconda3/envs/scn_cor/lib/python3.8/site-packages:/mnt/snakemake /mnt/tank/scratch/mfiruleva/scn/config/sin/e78b32002e592105c700c757fbe8a8e4.simg sh -c 'type conda'
 singularity exec --home /mnt/tank/scratch/mfiruleva/scn/data/GSE131776/SRS4824193  --bind /nfs/home/mfiruleva/anaconda3/envs/scn_cor/lib/python3.8/site-packages:/mnt/snakemake /mnt/tank/scratch/mfiruleva/scn/config/sin/e78b32002e592105c700c757fbe8a8e4.simg sh -c 'conda --version'
 singularity exec --home /mnt/tank/scratch/mfiruleva/scn/data/GSE131776/SRS4824193  --bind /nfs/home/mfiruleva/anaconda3/envs/scn_cor/lib/python3.8/site-packages:/mnt/snakemake /mnt/tank/scratch/mfiruleva/scn/config/sin/e78b32002e592105c700c757fbe8a8e4.simg sh -c 'conda info --json'
 singularity exec --home /mnt/tank/scratch/mfiruleva/scn/data/GSE131776/SRS4824193 --bind /scratch/mfiruleva/winter/genomes/mus:/home --bind /scratch/mfiruleva/GSEs_processing/wget_and_process:/files --bind /mnt/tank/scratch/mfiruleva/scn/config/65ef9760:/mnt/tank/scratch/mfiruleva/scn/config/65ef9760 --bind /mnt/tank/scratch/mfiruleva/scn/stats/summary.csv:/mnt/tank/scratch/mfiruleva/scn/stats/summary.csv --bind /nfs/home/mfiruleva/anaconda3/envs/scn_cor/lib/python3.8/site-packages:/mnt/snakemake /mnt/tank/scratch/mfiruleva/scn/config/sin/e78b32002e592105c700c757fbe8a8e4.simg bash -c 'source /opt/conda/bin/activate '\''/mnt/tank/scratch/mfiruleva/scn/config/65ef9760'\''; set -euo pipefail;  python scripts/define_version.py --fq_r1 SRR9130175_1.fastq.gz --threads 4 --index /home/Mus_musculus.GRCm38.cdna.all.idx --transcripts_to_genes /home/transcripts_to_genes_v2.txt --white_10xv2 /files/10xv2_whitelist.txt --white_10xv3 /files/10xv3_whitelist.txt'
Activating singularity image /mnt/tank/scratch/mfiruleva/scn/config/sin/e78b32002e592105c700c757fbe8a8e4.simg
Activating conda environment: /mnt/tank/scratch/mfiruleva/scn/config/65ef9760
Removing temporary output file SRR9130175_1.fastq.gz.
Removing temporary output file SRR9130176_1.fastq.gz.
Removing temporary output file SRR9130177_1.fastq.gz.
Removing temporary output file SRR9130178_1.fastq.gz.
Removing temporary output file SRR9130179_1.fastq.gz.
Removing temporary output file SRR9130180_1.fastq.gz.
Removing temporary output file SRR9130181_1.fastq.gz.
Removing temporary output file SRR9130182_1.fastq.gz.
[Wed Oct 21 14:44:46 2020]
Finished job 5.
9 of 14 steps (64%) done
Resources before job selection: {'_cores': 4, '_nodes': 9223372036854775807}
Ready jobs (1):
	kallisto
Selected jobs (1):
	kallisto
Resources after job selection: {'_cores': 3, '_nodes': 9223372036854775806}

[Wed Oct 21 14:44:46 2020]
rule kallisto:
    input: kallisto.sh
    output: R1.gz, R2.gz, bus_out/correct_output.bus, bus_out/output.bus
    log: logs/kallisto.log
    jobid: 4
    benchmark: benchmarks/kallisto.txt

 singularity exec --home /mnt/tank/scratch/mfiruleva/scn/data/GSE131776/SRS4824193  --bind /nfs/home/mfiruleva/anaconda3/envs/scn_cor/lib/python3.8/site-packages:/mnt/snakemake /mnt/tank/scratch/mfiruleva/scn/config/sin/e78b32002e592105c700c757fbe8a8e4.simg sh -c 'type conda'
 singularity exec --home /mnt/tank/scratch/mfiruleva/scn/data/GSE131776/SRS4824193  --bind /nfs/home/mfiruleva/anaconda3/envs/scn_cor/lib/python3.8/site-packages:/mnt/snakemake /mnt/tank/scratch/mfiruleva/scn/config/sin/e78b32002e592105c700c757fbe8a8e4.simg sh -c 'conda --version'
 singularity exec --home /mnt/tank/scratch/mfiruleva/scn/data/GSE131776/SRS4824193  --bind /nfs/home/mfiruleva/anaconda3/envs/scn_cor/lib/python3.8/site-packages:/mnt/snakemake /mnt/tank/scratch/mfiruleva/scn/config/sin/e78b32002e592105c700c757fbe8a8e4.simg sh -c 'conda info --json'
 singularity exec --home /mnt/tank/scratch/mfiruleva/scn/data/GSE131776/SRS4824193 --bind /scratch/mfiruleva/winter/genomes/mus:/home --bind /scratch/mfiruleva/GSEs_processing/wget_and_process:/files --bind /mnt/tank/scratch/mfiruleva/scn/config/65ef9760:/mnt/tank/scratch/mfiruleva/scn/config/65ef9760 --bind /mnt/tank/scratch/mfiruleva/scn/stats/summary.csv:/mnt/tank/scratch/mfiruleva/scn/stats/summary.csv --bind /nfs/home/mfiruleva/anaconda3/envs/scn_cor/lib/python3.8/site-packages:/mnt/snakemake /mnt/tank/scratch/mfiruleva/scn/config/sin/e78b32002e592105c700c757fbe8a8e4.simg bash -c 'source /opt/conda/bin/activate '\''/mnt/tank/scratch/mfiruleva/scn/config/65ef9760'\''; set -euo pipefail;  bash kallisto.sh 2> logs/kallisto.log'
Activating singularity image /mnt/tank/scratch/mfiruleva/scn/config/sin/e78b32002e592105c700c757fbe8a8e4.simg
Activating conda environment: /mnt/tank/scratch/mfiruleva/scn/config/65ef9760
Removing temporary output file R1.gz.
Removing temporary output file R2.gz.
Removing temporary output file bus_out/output.bus.
[Wed Oct 21 16:53:57 2020]
Finished job 4.
10 of 14 steps (71%) done
Resources before job selection: {'_cores': 4, '_nodes': 9223372036854775807}
Ready jobs (1):
	get_count_matrix
Selected jobs (1):
	get_count_matrix
Resources after job selection: {'_cores': 3, '_nodes': 9223372036854775806}

[Wed Oct 21 16:53:57 2020]
rule get_count_matrix:
    input: bus_out/correct_output.bus
    output: counts.RData
    log: logs/get_count_matrix.log
    jobid: 3
    benchmark: benchmarks/get_count_matrix.txt

 singularity exec --home /mnt/tank/scratch/mfiruleva/scn/data/GSE131776/SRS4824193  --bind /nfs/home/mfiruleva/anaconda3/envs/scn_cor/lib/python3.8/site-packages:/mnt/snakemake /mnt/tank/scratch/mfiruleva/scn/config/sin/e78b32002e592105c700c757fbe8a8e4.simg sh -c 'type conda'
 singularity exec --home /mnt/tank/scratch/mfiruleva/scn/data/GSE131776/SRS4824193  --bind /nfs/home/mfiruleva/anaconda3/envs/scn_cor/lib/python3.8/site-packages:/mnt/snakemake /mnt/tank/scratch/mfiruleva/scn/config/sin/e78b32002e592105c700c757fbe8a8e4.simg sh -c 'conda --version'
 singularity exec --home /mnt/tank/scratch/mfiruleva/scn/data/GSE131776/SRS4824193  --bind /nfs/home/mfiruleva/anaconda3/envs/scn_cor/lib/python3.8/site-packages:/mnt/snakemake /mnt/tank/scratch/mfiruleva/scn/config/sin/e78b32002e592105c700c757fbe8a8e4.simg sh -c 'conda info --json'
 singularity exec --home /mnt/tank/scratch/mfiruleva/scn/data/GSE131776/SRS4824193 --bind /scratch/mfiruleva/winter/genomes/mus:/home --bind /scratch/mfiruleva/GSEs_processing/wget_and_process:/files --bind /mnt/tank/scratch/mfiruleva/scn/config/65ef9760:/mnt/tank/scratch/mfiruleva/scn/config/65ef9760 --bind /mnt/tank/scratch/mfiruleva/scn/stats/summary.csv:/mnt/tank/scratch/mfiruleva/scn/stats/summary.csv --bind /nfs/home/mfiruleva/anaconda3/envs/scn_cor/lib/python3.8/site-packages:/mnt/snakemake /mnt/tank/scratch/mfiruleva/scn/config/sin/e78b32002e592105c700c757fbe8a8e4.simg bash -c 'source /opt/conda/bin/activate '\''/mnt/tank/scratch/mfiruleva/scn/config/65ef9760'\''; set -euo pipefail;  Rscript scripts/get_count_matrix.R 2> logs/get_count_matrix.log'
Activating singularity image /mnt/tank/scratch/mfiruleva/scn/config/sin/e78b32002e592105c700c757fbe8a8e4.simg
Activating conda environment: /mnt/tank/scratch/mfiruleva/scn/config/65ef9760
Removing temporary output file bus_out/correct_output.bus.
[Wed Oct 21 16:55:40 2020]
Finished job 3.
11 of 14 steps (79%) done
Resources before job selection: {'_cores': 4, '_nodes': 9223372036854775807}
Ready jobs (1):
	run_analysis
Selected jobs (1):
	run_analysis
Resources after job selection: {'_cores': 3, '_nodes': 9223372036854775806}

[Wed Oct 21 16:55:40 2020]
rule run_analysis:
    input: counts.RData
    output: SRS4824193.h5ad, SRS4824193.RData
    log: logs/seurat.log
    jobid: 2
    benchmark: benchmarks/analysis.txt

 singularity exec --home /mnt/tank/scratch/mfiruleva/scn/data/GSE131776/SRS4824193  --bind /nfs/home/mfiruleva/anaconda3/envs/scn_cor/lib/python3.8/site-packages:/mnt/snakemake /mnt/tank/scratch/mfiruleva/scn/config/sin/e78b32002e592105c700c757fbe8a8e4.simg sh -c 'type conda'
 singularity exec --home /mnt/tank/scratch/mfiruleva/scn/data/GSE131776/SRS4824193  --bind /nfs/home/mfiruleva/anaconda3/envs/scn_cor/lib/python3.8/site-packages:/mnt/snakemake /mnt/tank/scratch/mfiruleva/scn/config/sin/e78b32002e592105c700c757fbe8a8e4.simg sh -c 'conda --version'
 singularity exec --home /mnt/tank/scratch/mfiruleva/scn/data/GSE131776/SRS4824193  --bind /nfs/home/mfiruleva/anaconda3/envs/scn_cor/lib/python3.8/site-packages:/mnt/snakemake /mnt/tank/scratch/mfiruleva/scn/config/sin/e78b32002e592105c700c757fbe8a8e4.simg sh -c 'conda info --json'
 singularity exec --home /mnt/tank/scratch/mfiruleva/scn/data/GSE131776/SRS4824193 --bind /scratch/mfiruleva/winter/genomes/mus:/home --bind /scratch/mfiruleva/GSEs_processing/wget_and_process:/files --bind /mnt/tank/scratch/mfiruleva/scn/config/65ef9760:/mnt/tank/scratch/mfiruleva/scn/config/65ef9760 --bind /mnt/tank/scratch/mfiruleva/scn/stats/summary.csv:/mnt/tank/scratch/mfiruleva/scn/stats/summary.csv --bind /nfs/home/mfiruleva/anaconda3/envs/scn_cor/lib/python3.8/site-packages:/mnt/snakemake /mnt/tank/scratch/mfiruleva/scn/config/sin/e78b32002e592105c700c757fbe8a8e4.simg bash -c 'source /opt/conda/bin/activate '\''/mnt/tank/scratch/mfiruleva/scn/config/65ef9760'\''; set -euo pipefail;  Rscript scripts/analysis.R 2> logs/seurat.log'
Activating singularity image /mnt/tank/scratch/mfiruleva/scn/config/sin/e78b32002e592105c700c757fbe8a8e4.simg
Activating conda environment: /mnt/tank/scratch/mfiruleva/scn/config/65ef9760
[Wed Oct 21 17:02:41 2020]
Finished job 2.
12 of 14 steps (86%) done
Resources before job selection: {'_cores': 4, '_nodes': 9223372036854775807}
Ready jobs (1):
	add_uns_to_h5ad
Selected jobs (1):
	add_uns_to_h5ad
Resources after job selection: {'_cores': 3, '_nodes': 9223372036854775806}

[Wed Oct 21 17:02:41 2020]
localrule add_uns_to_h5ad:
    input: SRS4824193.h5ad
    output: SRS4824193_with_uns.h5ad
    jobid: 1

 singularity exec --home /mnt/tank/scratch/mfiruleva/scn/data/GSE131776/SRS4824193  --bind /nfs/home/mfiruleva/anaconda3/envs/scn_cor/lib/python3.8/site-packages:/mnt/snakemake /mnt/tank/scratch/mfiruleva/scn/config/sin/e78b32002e592105c700c757fbe8a8e4.simg sh -c 'type conda'
 singularity exec --home /mnt/tank/scratch/mfiruleva/scn/data/GSE131776/SRS4824193  --bind /nfs/home/mfiruleva/anaconda3/envs/scn_cor/lib/python3.8/site-packages:/mnt/snakemake /mnt/tank/scratch/mfiruleva/scn/config/sin/e78b32002e592105c700c757fbe8a8e4.simg sh -c 'conda --version'
 singularity exec --home /mnt/tank/scratch/mfiruleva/scn/data/GSE131776/SRS4824193  --bind /nfs/home/mfiruleva/anaconda3/envs/scn_cor/lib/python3.8/site-packages:/mnt/snakemake /mnt/tank/scratch/mfiruleva/scn/config/sin/e78b32002e592105c700c757fbe8a8e4.simg sh -c 'conda info --json'
 singularity exec --home /mnt/tank/scratch/mfiruleva/scn/data/GSE131776/SRS4824193 --bind /scratch/mfiruleva/winter/genomes/mus:/home --bind /scratch/mfiruleva/GSEs_processing/wget_and_process:/files --bind /mnt/tank/scratch/mfiruleva/scn/config/65ef9760:/mnt/tank/scratch/mfiruleva/scn/config/65ef9760 --bind /mnt/tank/scratch/mfiruleva/scn/stats/summary.csv:/mnt/tank/scratch/mfiruleva/scn/stats/summary.csv --bind /nfs/home/mfiruleva/anaconda3/envs/scn_cor/lib/python3.8/site-packages:/mnt/snakemake /mnt/tank/scratch/mfiruleva/scn/config/sin/e78b32002e592105c700c757fbe8a8e4.simg bash -c 'source /opt/conda/bin/activate '\''/mnt/tank/scratch/mfiruleva/scn/config/65ef9760'\''; set -euo pipefail;  python scripts/add_uns.py --h5 SRS4824193.h5ad --h5_out SRS4824193_with_uns.h5ad --kallisto_script kallisto.sh          --s_d sample_description.csv --summary_file /mnt/tank/scratch/mfiruleva/scn/stats/summary.csv'
Activating singularity image /mnt/tank/scratch/mfiruleva/scn/config/sin/e78b32002e592105c700c757fbe8a8e4.simg
Activating conda environment: /mnt/tank/scratch/mfiruleva/scn/config/65ef9760
Removing temporary output file SRS4824193.h5ad.
[Wed Oct 21 17:03:10 2020]
Finished job 1.
13 of 14 steps (93%) done
Resources before job selection: {'_cores': 4, '_nodes': 9223372036854775807}
Ready jobs (1):
	all
Selected jobs (1):
	all
Resources after job selection: {'_cores': 3, '_nodes': 9223372036854775806}

[Wed Oct 21 17:03:10 2020]
localrule all:
    input: SRS4824193_with_uns.h5ad
    jobid: 0

[Wed Oct 21 17:03:10 2020]
Finished job 0.
14 of 14 steps (100%) done
Complete log: /mnt/tank/scratch/mfiruleva/scn/data/GSE131776/SRS4824193/.snakemake/log/2020-10-21T143947.661087.snakemake.log
unlocking
removing lock
removing lock
removed all locks
