Building DAG of jobs...
Using shell: /bin/bash
Provided cores: 4
Rules claiming more threads will be scaled down.
Job counts:
	count	jobs
	1	add_uns_to_h5ad
	1	define_version
	1	download_the_beginning_of_fastqs
	1	get_count_matrix
	1	kallisto
	1	prepare_loading
	1	run_analysis
	7

[Sun Feb 23 17:33:27 2020]
rule prepare_loading:
    input: sample_description.csv
    output: download_the_beginning_of_fqs.sh
    jobid: 6

[Sun Feb 23 17:33:27 2020]
Finished job 6.
1 of 7 steps (14%) done

[Sun Feb 23 17:33:27 2020]
rule download_the_beginning_of_fastqs:
    input: download_the_beginning_of_fqs.sh
    output: R1.gz
    jobid: 5
    benchmark: benchmarks/download_the_beginning_of_fqs.txt

[Sun Feb 23 17:53:28 2020]
Finished job 5.
2 of 7 steps (29%) done

[Sun Feb 23 17:53:28 2020]
rule define_version:
    input: R1.gz, sample_description.csv
    output: kallisto.sh
    jobid: 4

[Sun Feb 23 17:53:51 2020]
Finished job 4.
3 of 7 steps (43%) done

[Sun Feb 23 17:53:51 2020]
rule kallisto:
    input: kallisto.sh
    output: bus_out
    jobid: 3
    benchmark: benchmarks/kallisto.txt

[Sun Feb 23 18:34:41 2020]
Finished job 3.
4 of 7 steps (57%) done

[Sun Feb 23 18:34:41 2020]
rule get_count_matrix:
    input: bus_out
    output: counts.RData
    jobid: 2
    benchmark: benchmarks/get_count_matrix.txt

[Sun Feb 23 18:35:18 2020]
Error in rule get_count_matrix:
    jobid: 2
    output: counts.RData
    shell:
        /scratch/opt/R/3.6.0/bin/Rscript get_count_matrix.R
        (exited with non-zero exit code)

Shutting down, this might take some time.
Exiting because a job execution failed. Look above for error message
Complete log: /mnt/tank/scratch/mfiruleva/scn/10_fq/GSE131777/SRS4824240/.snakemake/log/2020-02-23T173326.432760.snakemake.log
