Building DAG of jobs...
Using shell: /bin/bash
Provided cores: 4
Rules claiming more threads will be scaled down.
Job counts:
	count	jobs
	1	add_uns_to_h5ad
	1	all
	1	define_version
	8	download_fq_header
	1	get_count_matrix
	1	kallisto
	1	run_analysis
	14

[Sun Jul 26 03:31:43 2020]
rule download_fq_header:
    output: SRR11584112_1.fastq.gz
    log: logs/prepare_loading_SRR11584112.log
    jobid: 12
    benchmark: benchmarks/prepare_loading_SRR11584112.txt
    wildcards: accession=SRR11584112


[Sun Jul 26 03:31:43 2020]
rule download_fq_header:
    output: SRR11584107_1.fastq.gz
    log: logs/prepare_loading_SRR11584107.log
    jobid: 7
    benchmark: benchmarks/prepare_loading_SRR11584107.txt
    wildcards: accession=SRR11584107


[Sun Jul 26 03:31:43 2020]
rule download_fq_header:
    output: SRR11584106_1.fastq.gz
    log: logs/prepare_loading_SRR11584106.log
    jobid: 6
    benchmark: benchmarks/prepare_loading_SRR11584106.txt
    wildcards: accession=SRR11584106


[Sun Jul 26 03:31:43 2020]
rule download_fq_header:
    output: SRR11584111_1.fastq.gz
    log: logs/prepare_loading_SRR11584111.log
    jobid: 11
    benchmark: benchmarks/prepare_loading_SRR11584111.txt
    wildcards: accession=SRR11584111

Activating singularity image /mnt/tank/scratch/mfiruleva/scn/config/e78b32002e592105c700c757fbe8a8e4.simg
Activating conda environment: /mnt/tank/scratch/mfiruleva/scn/config/65ef9760
Activating singularity image /mnt/tank/scratch/mfiruleva/scn/config/e78b32002e592105c700c757fbe8a8e4.simg
Activating conda environment: /mnt/tank/scratch/mfiruleva/scn/config/65ef9760
Activating singularity image /mnt/tank/scratch/mfiruleva/scn/config/e78b32002e592105c700c757fbe8a8e4.simg
Activating conda environment: /mnt/tank/scratch/mfiruleva/scn/config/65ef9760
Activating singularity image /mnt/tank/scratch/mfiruleva/scn/config/e78b32002e592105c700c757fbe8a8e4.simg
Activating conda environment: /mnt/tank/scratch/mfiruleva/scn/config/65ef9760
[Sun Jul 26 03:34:12 2020]
Finished job 7.
1 of 14 steps (7%) done

[Sun Jul 26 03:34:12 2020]
rule download_fq_header:
    output: SRR11584113_1.fastq.gz
    log: logs/prepare_loading_SRR11584113.log
    jobid: 13
    benchmark: benchmarks/prepare_loading_SRR11584113.txt
    wildcards: accession=SRR11584113

[Sun Jul 26 03:34:13 2020]
Finished job 11.
2 of 14 steps (14%) done

[Sun Jul 26 03:34:13 2020]
rule download_fq_header:
    output: SRR11584108_1.fastq.gz
    log: logs/prepare_loading_SRR11584108.log
    jobid: 8
    benchmark: benchmarks/prepare_loading_SRR11584108.txt
    wildcards: accession=SRR11584108

[Sun Jul 26 03:34:24 2020]
Finished job 6.
3 of 14 steps (21%) done

[Sun Jul 26 03:34:24 2020]
rule download_fq_header:
    output: SRR11584109_1.fastq.gz
    log: logs/prepare_loading_SRR11584109.log
    jobid: 9
    benchmark: benchmarks/prepare_loading_SRR11584109.txt
    wildcards: accession=SRR11584109

[Sun Jul 26 03:34:32 2020]
Finished job 12.
4 of 14 steps (29%) done

[Sun Jul 26 03:34:32 2020]
rule download_fq_header:
    output: SRR11584110_1.fastq.gz
    log: logs/prepare_loading_SRR11584110.log
    jobid: 10
    benchmark: benchmarks/prepare_loading_SRR11584110.txt
    wildcards: accession=SRR11584110

Activating singularity image /mnt/tank/scratch/mfiruleva/scn/config/e78b32002e592105c700c757fbe8a8e4.simg
Activating conda environment: /mnt/tank/scratch/mfiruleva/scn/config/65ef9760
Activating singularity image /mnt/tank/scratch/mfiruleva/scn/config/e78b32002e592105c700c757fbe8a8e4.simg
Activating conda environment: /mnt/tank/scratch/mfiruleva/scn/config/65ef9760
Activating singularity image /mnt/tank/scratch/mfiruleva/scn/config/e78b32002e592105c700c757fbe8a8e4.simg
Activating conda environment: /mnt/tank/scratch/mfiruleva/scn/config/65ef9760
Activating singularity image /mnt/tank/scratch/mfiruleva/scn/config/e78b32002e592105c700c757fbe8a8e4.simg
Activating conda environment: /mnt/tank/scratch/mfiruleva/scn/config/65ef9760
[Sun Jul 26 03:35:46 2020]
Finished job 13.
5 of 14 steps (36%) done
[Sun Jul 26 03:35:46 2020]
Finished job 8.
6 of 14 steps (43%) done
[Sun Jul 26 03:35:46 2020]
Finished job 10.
7 of 14 steps (50%) done
[Sun Jul 26 03:35:46 2020]
Finished job 9.
8 of 14 steps (57%) done

[Sun Jul 26 03:35:46 2020]
rule define_version:
    input: SRR11584106_1.fastq.gz, SRR11584107_1.fastq.gz, SRR11584108_1.fastq.gz, SRR11584109_1.fastq.gz, SRR11584110_1.fastq.gz, SRR11584111_1.fastq.gz, SRR11584112_1.fastq.gz, SRR11584113_1.fastq.gz
    output: kallisto.sh
    log: logs/define_version.log
    jobid: 5
    benchmark: benchmarks/define_version.txt
    threads: 4

Activating singularity image /mnt/tank/scratch/mfiruleva/scn/config/e78b32002e592105c700c757fbe8a8e4.simg
Activating conda environment: /mnt/tank/scratch/mfiruleva/scn/config/65ef9760
Removing temporary output file SRR11584106_1.fastq.gz.
Removing temporary output file SRR11584107_1.fastq.gz.
Removing temporary output file SRR11584108_1.fastq.gz.
Removing temporary output file SRR11584109_1.fastq.gz.
Removing temporary output file SRR11584110_1.fastq.gz.
Removing temporary output file SRR11584111_1.fastq.gz.
Removing temporary output file SRR11584112_1.fastq.gz.
Removing temporary output file SRR11584113_1.fastq.gz.
[Sun Jul 26 03:36:09 2020]
Finished job 5.
9 of 14 steps (64%) done

[Sun Jul 26 03:36:09 2020]
rule kallisto:
    input: kallisto.sh
    output: R1.gz, R2.gz, bus_out/correct_output.bus, bus_out/output.bus
    log: logs/kallisto.log
    jobid: 4
    benchmark: benchmarks/kallisto.txt

Activating singularity image /mnt/tank/scratch/mfiruleva/scn/config/e78b32002e592105c700c757fbe8a8e4.simg
Activating conda environment: /mnt/tank/scratch/mfiruleva/scn/config/65ef9760
Removing temporary output file R1.gz.
Removing temporary output file R2.gz.
Removing temporary output file bus_out/output.bus.
[Sun Jul 26 05:00:07 2020]
Finished job 4.
10 of 14 steps (71%) done

[Sun Jul 26 05:00:07 2020]
rule get_count_matrix:
    input: bus_out/correct_output.bus
    output: counts.RData
    log: logs/get_count_matrix.log
    jobid: 3
    benchmark: benchmarks/get_count_matrix.txt

Activating singularity image /mnt/tank/scratch/mfiruleva/scn/config/e78b32002e592105c700c757fbe8a8e4.simg
Activating conda environment: /mnt/tank/scratch/mfiruleva/scn/config/65ef9760
Removing temporary output file bus_out/correct_output.bus.
[Sun Jul 26 05:01:19 2020]
Finished job 3.
11 of 14 steps (79%) done

[Sun Jul 26 05:01:19 2020]
rule run_analysis:
    input: counts.RData
    output: SRS6514323.h5ad, SRS6514323.RData
    log: logs/seurat.log
    jobid: 2
    benchmark: benchmarks/analysis.txt

Activating singularity image /mnt/tank/scratch/mfiruleva/scn/config/e78b32002e592105c700c757fbe8a8e4.simg
Activating conda environment: /mnt/tank/scratch/mfiruleva/scn/config/65ef9760
[Sun Jul 26 05:07:13 2020]
Finished job 2.
12 of 14 steps (86%) done

[Sun Jul 26 05:07:13 2020]
localrule add_uns_to_h5ad:
    input: SRS6514323.h5ad
    output: SRS6514323_with_uns.h5ad
    jobid: 1

Activating singularity image /mnt/tank/scratch/mfiruleva/scn/config/e78b32002e592105c700c757fbe8a8e4.simg
Activating conda environment: /mnt/tank/scratch/mfiruleva/scn/config/65ef9760
Removing temporary output file SRS6514323.h5ad.
[Sun Jul 26 05:07:41 2020]
Finished job 1.
13 of 14 steps (93%) done

[Sun Jul 26 05:07:41 2020]
localrule all:
    input: SRS6514323_with_uns.h5ad
    jobid: 0

[Sun Jul 26 05:07:41 2020]
Finished job 0.
14 of 14 steps (100%) done
Complete log: /mnt/tank/scratch/mfiruleva/scn/data/GSE149069/SRS6514323/.snakemake/log/2020-07-26T033143.067533.snakemake.log
