Building DAG of jobs...
Singularity image location: /mnt/tank/scratch/mfiruleva/scn/config/e78b32002e592105c700c757fbe8a8e4.simg
Using shell: /bin/bash
Provided cores: 4
Rules claiming more threads will be scaled down.
Job counts:
	count	jobs
	1	add_uns_to_h5ad
	1	all
	1	run_analysis
	3
Resources before job selection: {'_cores': 4, '_nodes': 9223372036854775807}
Ready jobs (1):
	run_analysis
Selected jobs (1):
	run_analysis
Resources after job selection: {'_cores': 3, '_nodes': 9223372036854775806}

[Mon Nov 23 22:23:56 2020]
rule run_analysis:
    input: /mnt/tank/scratch/mfiruleva/scn/data/GSE131776/SRS4824181/counts.RData, /mnt/tank/scratch/mfiruleva/scn/data/GSE131776/SRS4824182/counts.RData, /mnt/tank/scratch/mfiruleva/scn/data/GSE131776/SRS4824183/counts.RData, /mnt/tank/scratch/mfiruleva/scn/data/GSE131776/SRS4824184/counts.RData, /mnt/tank/scratch/mfiruleva/scn/data/GSE131776/SRS4824185/counts.RData, /mnt/tank/scratch/mfiruleva/scn/data/GSE131776/SRS4824186/counts.RData, /mnt/tank/scratch/mfiruleva/scn/data/GSE131776/SRS4824187/counts.RData, /mnt/tank/scratch/mfiruleva/scn/data/GSE131776/SRS4824188/counts.RData, /mnt/tank/scratch/mfiruleva/scn/data/GSE131776/SRS4824189/counts.RData, /mnt/tank/scratch/mfiruleva/scn/data/GSE131776/SRS4824190/counts.RData, /mnt/tank/scratch/mfiruleva/scn/data/GSE131776/SRS4824191/counts.RData, /mnt/tank/scratch/mfiruleva/scn/data/GSE131776/SRS4824192/counts.RData, /mnt/tank/scratch/mfiruleva/scn/data/GSE131776/SRS4824193/counts.RData, /mnt/tank/scratch/mfiruleva/scn/data/GSE131776/SRS4824194/counts.RData, /mnt/tank/scratch/mfiruleva/scn/data/GSE131776/SRS4824195/counts.RData, /mnt/tank/scratch/mfiruleva/scn/data/GSE131776/SRS4824196/counts.RData, /mnt/tank/scratch/mfiruleva/scn/data/GSE131776/SRS4824197/counts.RData, /mnt/tank/scratch/mfiruleva/scn/data/GSE131776/SRS4824198/counts.RData
    output: GSE131776.h5ad, GSE131776.RData
    log: logs/seurat.log
    jobid: 2
    benchmark: benchmarks/analysis.txt

 singularity exec --home /mnt/tank/scratch/mfiruleva/scn/data/GSE131776/merged  --bind /nfs/home/mfiruleva/anaconda3/envs/scn_cor/lib/python3.8/site-packages:/mnt/snakemake /mnt/tank/scratch/mfiruleva/scn/config/e78b32002e592105c700c757fbe8a8e4.simg sh -c 'type conda'
 singularity exec --home /mnt/tank/scratch/mfiruleva/scn/data/GSE131776/merged  --bind /nfs/home/mfiruleva/anaconda3/envs/scn_cor/lib/python3.8/site-packages:/mnt/snakemake /mnt/tank/scratch/mfiruleva/scn/config/e78b32002e592105c700c757fbe8a8e4.simg sh -c 'conda --version'
 singularity exec --home /mnt/tank/scratch/mfiruleva/scn/data/GSE131776/merged  --bind /nfs/home/mfiruleva/anaconda3/envs/scn_cor/lib/python3.8/site-packages:/mnt/snakemake /mnt/tank/scratch/mfiruleva/scn/config/e78b32002e592105c700c757fbe8a8e4.simg sh -c 'conda info --json'
 singularity exec --home /mnt/tank/scratch/mfiruleva/scn/data/GSE131776/merged  --bind /nfs/home/mfiruleva/anaconda3/envs/scn_cor/lib/python3.8/site-packages:/mnt/snakemake /mnt/tank/scratch/mfiruleva/scn/config/e78b32002e592105c700c757fbe8a8e4.simg sh -c 'type conda'
 singularity exec --home /mnt/tank/scratch/mfiruleva/scn/data/GSE131776/merged  --bind /nfs/home/mfiruleva/anaconda3/envs/scn_cor/lib/python3.8/site-packages:/mnt/snakemake /mnt/tank/scratch/mfiruleva/scn/config/e78b32002e592105c700c757fbe8a8e4.simg sh -c 'conda --version'
 singularity exec --home /mnt/tank/scratch/mfiruleva/scn/data/GSE131776/merged  --bind /nfs/home/mfiruleva/anaconda3/envs/scn_cor/lib/python3.8/site-packages:/mnt/snakemake /mnt/tank/scratch/mfiruleva/scn/config/e78b32002e592105c700c757fbe8a8e4.simg sh -c 'conda info --json'
 singularity exec --home /mnt/tank/scratch/mfiruleva/scn/data/GSE131776/merged --bind /mnt/tank/scratch/mfiruleva/scn/config/5d179225:/mnt/tank/scratch/mfiruleva/scn/config/5d179225 --bind /mnt/tank/scratch/mfiruleva/scn/data/GSE131776:/mnt/tank/scratch/mfiruleva/scn/data/GSE131776 --bind /mnt/tank/scratch/mfiruleva/scn/stats/summary.csv:/mnt/tank/scratch/mfiruleva/scn/stats/summary.csv --bind /nfs/home/mfiruleva/anaconda3/envs/scn_cor/lib/python3.8/site-packages:/mnt/snakemake /mnt/tank/scratch/mfiruleva/scn/config/e78b32002e592105c700c757fbe8a8e4.simg bash -c 'source /opt/conda/bin/activate '\''/mnt/tank/scratch/mfiruleva/scn/config/5d179225'\''; set -euo pipefail;  Rscript scripts/analysis.R 2> logs/seurat.log'
Activating singularity image /mnt/tank/scratch/mfiruleva/scn/config/e78b32002e592105c700c757fbe8a8e4.simg
Activating conda environment: /mnt/tank/scratch/mfiruleva/scn/config/5d179225
[Tue Nov 24 03:23:16 2020]
Finished job 2.
1 of 3 steps (33%) done
Resources before job selection: {'_cores': 4, '_nodes': 9223372036854775807}
Ready jobs (1):
	add_uns_to_h5ad
Selected jobs (1):
	add_uns_to_h5ad
Resources after job selection: {'_cores': 3, '_nodes': 9223372036854775806}

[Tue Nov 24 03:23:16 2020]
localrule add_uns_to_h5ad:
    input: GSE131776.h5ad
    output: GSE131776_with_uns.h5ad
    jobid: 1

Activating conda environment: /mnt/tank/scratch/mfiruleva/scn/config/c58701e4
Removing temporary output file GSE131776.h5ad.
[Tue Nov 24 03:24:22 2020]
Finished job 1.
2 of 3 steps (67%) done
Resources before job selection: {'_cores': 4, '_nodes': 9223372036854775807}
Ready jobs (1):
	all
Selected jobs (1):
	all
Resources after job selection: {'_cores': 3, '_nodes': 9223372036854775806}

[Tue Nov 24 03:24:22 2020]
localrule all:
    input: GSE131776_with_uns.h5ad
    jobid: 0

[Tue Nov 24 03:24:22 2020]
Finished job 0.
3 of 3 steps (100%) done
Complete log: /mnt/tank/scratch/mfiruleva/scn/data/GSE131776/merged/.snakemake/log/2020-11-23T222355.201382.snakemake.log
unlocking
removing lock
removing lock
removed all locks
