Building DAG of jobs...
Singularity image location: /mnt/tank/scratch/mfiruleva/scn/config/e78b32002e592105c700c757fbe8a8e4.simg
Using shell: /bin/bash
Provided cores: 4
Rules claiming more threads will be scaled down.
Job counts:
	count	jobs
	1	add_uns_to_h5ad
	1	all
	1	get_count_matrix
	1	kallisto
	1	run_analysis
	5
Resources before job selection: {'_cores': 4, '_nodes': 9223372036854775807}
Ready jobs (1):
	kallisto
Selected jobs (1):
	kallisto
Resources after job selection: {'_cores': 0, '_nodes': 9223372036854775806}

[Sat Oct 31 11:25:51 2020]
rule kallisto:
    input: kallisto.sh
    output: R1.gz, R2.gz, bus_out/correct_output.bus, bus_out/output.bus
    log: logs/kallisto.log
    jobid: 4
    benchmark: benchmarks/kallisto.txt
    threads: 4

 singularity exec --home /mnt/tank/scratch/mfiruleva/scn/data/GSE131776/SRS4824196  --bind /nfs/home/mfiruleva/anaconda3/envs/scn_cor/lib/python3.8/site-packages:/mnt/snakemake /mnt/tank/scratch/mfiruleva/scn/config/e78b32002e592105c700c757fbe8a8e4.simg sh -c 'type conda'
 singularity exec --home /mnt/tank/scratch/mfiruleva/scn/data/GSE131776/SRS4824196  --bind /nfs/home/mfiruleva/anaconda3/envs/scn_cor/lib/python3.8/site-packages:/mnt/snakemake /mnt/tank/scratch/mfiruleva/scn/config/e78b32002e592105c700c757fbe8a8e4.simg sh -c 'conda --version'
 singularity exec --home /mnt/tank/scratch/mfiruleva/scn/data/GSE131776/SRS4824196  --bind /nfs/home/mfiruleva/anaconda3/envs/scn_cor/lib/python3.8/site-packages:/mnt/snakemake /mnt/tank/scratch/mfiruleva/scn/config/e78b32002e592105c700c757fbe8a8e4.simg sh -c 'conda info --json'
 singularity exec --home /mnt/tank/scratch/mfiruleva/scn/data/GSE131776/SRS4824196  --bind /nfs/home/mfiruleva/anaconda3/envs/scn_cor/lib/python3.8/site-packages:/mnt/snakemake /mnt/tank/scratch/mfiruleva/scn/config/e78b32002e592105c700c757fbe8a8e4.simg sh -c 'type conda'
 singularity exec --home /mnt/tank/scratch/mfiruleva/scn/data/GSE131776/SRS4824196  --bind /nfs/home/mfiruleva/anaconda3/envs/scn_cor/lib/python3.8/site-packages:/mnt/snakemake /mnt/tank/scratch/mfiruleva/scn/config/e78b32002e592105c700c757fbe8a8e4.simg sh -c 'conda --version'
 singularity exec --home /mnt/tank/scratch/mfiruleva/scn/data/GSE131776/SRS4824196  --bind /nfs/home/mfiruleva/anaconda3/envs/scn_cor/lib/python3.8/site-packages:/mnt/snakemake /mnt/tank/scratch/mfiruleva/scn/config/e78b32002e592105c700c757fbe8a8e4.simg sh -c 'conda info --json'
 singularity exec --home /mnt/tank/scratch/mfiruleva/scn/data/GSE131776/SRS4824196 --bind /scratch/mfiruleva/winter/genomes/mus:/home --bind /scratch/mfiruleva/GSEs_processing/wget_and_process:/files --bind /mnt/tank/scratch/mfiruleva/scn/config/65ef9760:/mnt/tank/scratch/mfiruleva/scn/config/65ef9760 --bind /mnt/tank/scratch/mfiruleva/scn/stats/summary.csv:/mnt/tank/scratch/mfiruleva/scn/stats/summary.csv --bind /nfs/home/mfiruleva/anaconda3/envs/scn_cor/lib/python3.8/site-packages:/mnt/snakemake /mnt/tank/scratch/mfiruleva/scn/config/e78b32002e592105c700c757fbe8a8e4.simg bash -c 'source /opt/conda/bin/activate '\''/mnt/tank/scratch/mfiruleva/scn/config/65ef9760'\''; set -euo pipefail;  bash kallisto.sh 2> logs/kallisto.log'
Activating singularity image /mnt/tank/scratch/mfiruleva/scn/config/e78b32002e592105c700c757fbe8a8e4.simg
Activating conda environment: /mnt/tank/scratch/mfiruleva/scn/config/65ef9760
Removing temporary output file R1.gz.
Removing temporary output file R2.gz.
Removing temporary output file bus_out/output.bus.
[Sat Oct 31 12:13:23 2020]
Finished job 4.
1 of 5 steps (20%) done
Resources before job selection: {'_cores': 4, '_nodes': 9223372036854775807}
Ready jobs (1):
	get_count_matrix
Selected jobs (1):
	get_count_matrix
Resources after job selection: {'_cores': 3, '_nodes': 9223372036854775806}

[Sat Oct 31 12:13:23 2020]
rule get_count_matrix:
    input: bus_out/correct_output.bus
    output: counts.RData
    log: logs/get_count_matrix.log
    jobid: 3
    benchmark: benchmarks/get_count_matrix.txt

 singularity exec --home /mnt/tank/scratch/mfiruleva/scn/data/GSE131776/SRS4824196  --bind /nfs/home/mfiruleva/anaconda3/envs/scn_cor/lib/python3.8/site-packages:/mnt/snakemake /mnt/tank/scratch/mfiruleva/scn/config/e78b32002e592105c700c757fbe8a8e4.simg sh -c 'type conda'
 singularity exec --home /mnt/tank/scratch/mfiruleva/scn/data/GSE131776/SRS4824196  --bind /nfs/home/mfiruleva/anaconda3/envs/scn_cor/lib/python3.8/site-packages:/mnt/snakemake /mnt/tank/scratch/mfiruleva/scn/config/e78b32002e592105c700c757fbe8a8e4.simg sh -c 'conda --version'
 singularity exec --home /mnt/tank/scratch/mfiruleva/scn/data/GSE131776/SRS4824196  --bind /nfs/home/mfiruleva/anaconda3/envs/scn_cor/lib/python3.8/site-packages:/mnt/snakemake /mnt/tank/scratch/mfiruleva/scn/config/e78b32002e592105c700c757fbe8a8e4.simg sh -c 'conda info --json'
 singularity exec --home /mnt/tank/scratch/mfiruleva/scn/data/GSE131776/SRS4824196 --bind /scratch/mfiruleva/winter/genomes/mus:/home --bind /scratch/mfiruleva/GSEs_processing/wget_and_process:/files --bind /mnt/tank/scratch/mfiruleva/scn/config/65ef9760:/mnt/tank/scratch/mfiruleva/scn/config/65ef9760 --bind /mnt/tank/scratch/mfiruleva/scn/stats/summary.csv:/mnt/tank/scratch/mfiruleva/scn/stats/summary.csv --bind /nfs/home/mfiruleva/anaconda3/envs/scn_cor/lib/python3.8/site-packages:/mnt/snakemake /mnt/tank/scratch/mfiruleva/scn/config/e78b32002e592105c700c757fbe8a8e4.simg bash -c 'source /opt/conda/bin/activate '\''/mnt/tank/scratch/mfiruleva/scn/config/65ef9760'\''; set -euo pipefail;  Rscript scripts/get_count_matrix.R 2> logs/get_count_matrix.log'
Activating singularity image /mnt/tank/scratch/mfiruleva/scn/config/e78b32002e592105c700c757fbe8a8e4.simg
Activating conda environment: /mnt/tank/scratch/mfiruleva/scn/config/65ef9760
Removing temporary output file bus_out/correct_output.bus.
[Sat Oct 31 12:16:49 2020]
Finished job 3.
2 of 5 steps (40%) done
Resources before job selection: {'_cores': 4, '_nodes': 9223372036854775807}
Ready jobs (1):
	run_analysis
Selected jobs (1):
	run_analysis
Resources after job selection: {'_cores': 3, '_nodes': 9223372036854775806}

[Sat Oct 31 12:16:49 2020]
rule run_analysis:
    input: counts.RData
    output: SRS4824196.h5ad, SRS4824196.RData
    log: logs/seurat.log
    jobid: 2
    benchmark: benchmarks/analysis.txt

 singularity exec --home /mnt/tank/scratch/mfiruleva/scn/data/GSE131776/SRS4824196  --bind /nfs/home/mfiruleva/anaconda3/envs/scn_cor/lib/python3.8/site-packages:/mnt/snakemake /mnt/tank/scratch/mfiruleva/scn/config/e78b32002e592105c700c757fbe8a8e4.simg sh -c 'type conda'
 singularity exec --home /mnt/tank/scratch/mfiruleva/scn/data/GSE131776/SRS4824196  --bind /nfs/home/mfiruleva/anaconda3/envs/scn_cor/lib/python3.8/site-packages:/mnt/snakemake /mnt/tank/scratch/mfiruleva/scn/config/e78b32002e592105c700c757fbe8a8e4.simg sh -c 'conda --version'
 singularity exec --home /mnt/tank/scratch/mfiruleva/scn/data/GSE131776/SRS4824196  --bind /nfs/home/mfiruleva/anaconda3/envs/scn_cor/lib/python3.8/site-packages:/mnt/snakemake /mnt/tank/scratch/mfiruleva/scn/config/e78b32002e592105c700c757fbe8a8e4.simg sh -c 'conda info --json'
 singularity exec --home /mnt/tank/scratch/mfiruleva/scn/data/GSE131776/SRS4824196 --bind /scratch/mfiruleva/winter/genomes/mus:/home --bind /scratch/mfiruleva/GSEs_processing/wget_and_process:/files --bind /mnt/tank/scratch/mfiruleva/scn/config/65ef9760:/mnt/tank/scratch/mfiruleva/scn/config/65ef9760 --bind /mnt/tank/scratch/mfiruleva/scn/stats/summary.csv:/mnt/tank/scratch/mfiruleva/scn/stats/summary.csv --bind /nfs/home/mfiruleva/anaconda3/envs/scn_cor/lib/python3.8/site-packages:/mnt/snakemake /mnt/tank/scratch/mfiruleva/scn/config/e78b32002e592105c700c757fbe8a8e4.simg bash -c 'source /opt/conda/bin/activate '\''/mnt/tank/scratch/mfiruleva/scn/config/65ef9760'\''; set -euo pipefail;  Rscript scripts/analysis.R 2> logs/seurat.log'
Activating singularity image /mnt/tank/scratch/mfiruleva/scn/config/e78b32002e592105c700c757fbe8a8e4.simg
Activating conda environment: /mnt/tank/scratch/mfiruleva/scn/config/65ef9760
[Sat Oct 31 12:31:39 2020]
Finished job 2.
3 of 5 steps (60%) done
Resources before job selection: {'_cores': 4, '_nodes': 9223372036854775807}
Ready jobs (1):
	add_uns_to_h5ad
Selected jobs (1):
	add_uns_to_h5ad
Resources after job selection: {'_cores': 3, '_nodes': 9223372036854775806}

[Sat Oct 31 12:31:39 2020]
localrule add_uns_to_h5ad:
    input: SRS4824196.h5ad
    output: SRS4824196_with_uns.h5ad
    jobid: 1

Activating conda environment: /mnt/tank/scratch/mfiruleva/scn/config/7c2bd866
Removing temporary output file SRS4824196.h5ad.
[Sat Oct 31 12:31:58 2020]
Finished job 1.
4 of 5 steps (80%) done
Resources before job selection: {'_cores': 4, '_nodes': 9223372036854775807}
Ready jobs (1):
	all
Selected jobs (1):
	all
Resources after job selection: {'_cores': 3, '_nodes': 9223372036854775806}

[Sat Oct 31 12:31:58 2020]
localrule all:
    input: SRS4824196_with_uns.h5ad
    jobid: 0

[Sat Oct 31 12:31:58 2020]
Finished job 0.
5 of 5 steps (100%) done
Complete log: /mnt/tank/scratch/mfiruleva/scn/data/GSE131776/SRS4824196/.snakemake/log/2020-10-31T112550.523082.snakemake.log
unlocking
removing lock
removing lock
removed all locks
